,number,value,datetime_start,datetime_complete,duration,params_batch_size,params_hidden,params_leave_layers,params_lr,params_weight_decay,state
721,721,0.8326,2023-02-09 11:53:04.227184,2023-02-09 11:53:41.144929,0 days 00:00:36.917745,512,1260,46,0.00375,0.0,PRUNED
722,722,0.8711,2023-02-09 11:53:41.171146,2023-02-09 11:54:53.332185,0 days 00:01:12.161039,64,2100,52,0.00375,4e-05,PRUNED
723,723,0.8437,2023-02-09 11:54:07.543649,2023-02-09 11:55:15.013013,0 days 00:01:07.469364,64,2120,52,0.00375,0.0,PRUNED
724,724,0.7121,2023-02-09 11:54:53.364502,2023-02-09 11:56:03.619572,0 days 00:01:10.255070,64,1240,48,0.075,0.0,PRUNED
725,725,0.7231,2023-02-09 11:55:15.042109,2023-02-09 11:56:22.223726,0 days 00:01:07.181617,64,1000,48,0.075,0.0,PRUNED
726,726,0.8626,2023-02-09 11:56:03.645744,2023-02-09 11:57:11.357014,0 days 00:01:07.711270,64,1000,44,0.00375,0.0,PRUNED
727,727,0.8865,2023-02-09 11:56:22.249786,2023-02-09 11:58:40.566679,0 days 00:02:18.316893,64,1300,54,0.00375,4e-08,PRUNED
728,728,0.8708,2023-02-09 11:57:11.382719,2023-02-09 11:58:23.637968,0 days 00:01:12.255249,64,1160,54,0.00375,4e-08,PRUNED
729,729,0.8623,2023-02-09 11:58:23.666959,2023-02-09 11:59:33.632583,0 days 00:01:09.965624,64,1320,50,0.00375,0.0,PRUNED
730,730,0.8674,2023-02-09 11:58:40.593690,2023-02-09 11:59:51.409283,0 days 00:01:10.815593,64,2160,50,0.00375,0.0,PRUNED
731,731,0.7839,2023-02-09 11:59:33.661400,2023-02-09 12:00:23.528864,0 days 00:00:49.867464,64,2220,1,0.00375,0.0,PRUNED
732,732,0.8574,2023-02-09 11:59:51.435356,2023-02-09 12:01:02.871441,0 days 00:01:11.436085,64,2240,46,0.00375,0.0,PRUNED
733,733,0.8589,2023-02-09 12:00:23.562812,2023-02-09 12:01:53.485398,0 days 00:01:29.922586,64,1220,46,0.00375,4e-06,PRUNED
734,734,0.1153,2023-02-09 12:01:02.901855,2023-02-09 12:01:42.678643,0 days 00:00:39.776788,256,1120,44,0.115,4e-06,PRUNED
735,735,0.8536,2023-02-09 12:01:42.708504,2023-02-09 12:02:49.793079,0 days 00:01:07.084575,64,1220,47,0.00375,0.0,PRUNED
736,736,0.8681,2023-02-09 12:01:53.526490,2023-02-09 12:03:00.707899,0 days 00:01:07.181409,64,2400,38,0.00375,0.0,PRUNED
737,737,0.8699,2023-02-09 12:02:49.820123,2023-02-09 12:03:56.971747,0 days 00:01:07.151624,64,1160,52,0.00375,0.0,PRUNED
738,738,0.8672,2023-02-09 12:03:00.748291,2023-02-09 12:04:12.747016,0 days 00:01:11.998725,64,1160,51,0.00375,4e-08,PRUNED
739,739,0.8811,2023-02-09 12:03:57.010702,2023-02-09 12:06:22.524535,0 days 00:02:25.513833,64,2360,50,0.00375,4e-08,PRUNED
740,740,0.8702,2023-02-09 12:04:12.779868,2023-02-09 12:06:12.480984,0 days 00:01:59.701116,64,1360,32,0.00375,0.0,PRUNED
741,741,0.852,2023-02-09 12:06:12.509902,2023-02-09 12:07:25.122787,0 days 00:01:12.612885,64,2300,58,0.00375,0.0,PRUNED
742,742,0.9065,2023-02-09 12:06:22.556669,2023-02-09 12:23:10.599588,0 days 00:16:48.042919,64,1060,48,0.00375,4e-07,COMPLETE
743,743,0.856,2023-02-09 12:07:25.156318,2023-02-09 12:08:42.189366,0 days 00:01:17.033048,64,1060,71,0.00375,0.0,PRUNED
744,744,0.8814,2023-02-09 12:08:42.221843,2023-02-09 12:11:01.859727,0 days 00:02:19.637884,64,2180,48,0.00375,4e-07,PRUNED
745,745,0.9071,2023-02-09 12:11:01.888251,2023-02-09 12:28:18.877451,0 days 00:17:16.989200,64,1260,43,0.00375,0.0,COMPLETE
746,746,0.7373,2023-02-09 12:23:10.631055,2023-02-09 12:23:51.173667,0 days 00:00:40.542612,512,1260,43,0.00375,0.0,PRUNED
747,747,0.8623,2023-02-09 12:23:51.201864,2023-02-09 12:24:57.432801,0 days 00:01:06.230937,64,2060,45,0.00375,0.0,PRUNED
748,748,0.8595,2023-02-09 12:24:57.464142,2023-02-09 12:26:06.126011,0 days 00:01:08.661869,64,1100,53,0.00375,4e-05,PRUNED
749,749,0.8683,2023-02-09 12:26:06.157771,2023-02-09 12:27:11.830014,0 days 00:01:05.672243,64,1680,41,0.00375,0.0,PRUNED
750,750,0.887,2023-02-09 12:27:11.869555,2023-02-09 12:29:24.270843,0 days 00:02:12.401288,64,1200,45,0.00375,4e-08,PRUNED
751,751,0.8827,2023-02-09 12:28:18.913114,2023-02-09 12:30:37.815147,0 days 00:02:18.902033,64,1960,46,0.00375,4e-08,PRUNED
752,752,0.869,2023-02-09 12:29:24.307146,2023-02-09 12:30:31.827112,0 days 00:01:07.519966,64,2260,49,0.00375,0.0,PRUNED
753,753,0.8588,2023-02-09 12:30:31.868821,2023-02-09 12:31:38.699257,0 days 00:01:06.830436,64,2160,47,0.00375,0.0,PRUNED
754,754,0.8779,2023-02-09 12:30:37.847639,2023-02-09 12:32:58.729772,0 days 00:02:20.882133,64,1300,56,0.00375,0.0,PRUNED
755,755,0.8243,2023-02-09 12:31:38.732661,2023-02-09 12:32:48.395457,0 days 00:01:09.662796,64,1120,56,0.0125,0.0,PRUNED
756,756,0.8599,2023-02-09 12:32:48.430311,2023-02-09 12:34:59.011275,0 days 00:02:10.580964,16,1200,52,0.00375,0.0,PRUNED
757,757,0.8604,2023-02-09 12:32:58.778679,2023-02-09 12:35:14.447124,0 days 00:02:15.668445,16,1220,50,0.00375,0.0,PRUNED
758,758,0.7065,2023-02-09 12:34:59.048285,2023-02-09 12:36:03.873512,0 days 00:01:04.825227,64,1160,50,0.115,4e-08,PRUNED
759,759,0.629,2023-02-09 12:35:14.478401,2023-02-09 12:36:24.704911,0 days 00:01:10.226510,64,1160,48,0.115,4e-08,PRUNED
760,760,0.8092,2023-02-09 12:36:03.917141,2023-02-09 12:37:30.875402,0 days 00:01:26.958261,64,2320,48,0.00375,0.0,PRUNED
761,761,0.8152,2023-02-09 12:36:24.738267,2023-02-09 12:37:03.825087,0 days 00:00:39.086820,256,2140,40,0.00375,0.0,PRUNED
762,762,0.8512,2023-02-09 12:37:03.853517,2023-02-09 12:38:01.882852,0 days 00:00:58.029335,64,2200,45,0.00375,0.0,PRUNED
763,763,0.2284,2023-02-09 12:37:30.902611,2023-02-09 12:44:18.386404,0 days 00:06:47.483793,4,2080,45,0.15,0.0,PRUNED
764,764,0.7886,2023-02-09 12:38:01.916043,2023-02-09 12:46:12.528950,0 days 00:08:10.612907,4,2080,54,0.00375,0.0,PRUNED
765,765,0.8627,2023-02-09 12:44:18.418341,2023-02-09 12:45:03.333282,0 days 00:00:44.914941,64,1260,54,0.00375,0.0,PRUNED
766,766,0.885,2023-02-09 12:45:03.365483,2023-02-09 12:46:56.775500,0 days 00:01:53.410017,64,1100,51,0.00375,0.0,PRUNED
767,767,0.8452,2023-02-09 12:46:12.564407,2023-02-09 12:47:23.560864,0 days 00:01:10.996457,64,2280,51,0.00375,4e-08,PRUNED
768,768,0.8583,2023-02-09 12:46:56.807138,2023-02-09 12:48:18.254161,0 days 00:01:21.447023,64,1360,43,0.00375,4e-08,PRUNED
769,769,0.8596,2023-02-09 12:47:23.596933,2023-02-09 12:48:13.239244,0 days 00:00:49.642311,128,2420,42,0.00375,4e-07,PRUNED
770,770,0.8764,2023-02-09 12:48:13.293674,2023-02-09 12:50:34.679737,0 days 00:02:21.386063,64,1180,47,0.00375,0.0,PRUNED
771,771,0.8632,2023-02-09 12:48:18.285788,2023-02-09 12:49:25.493667,0 days 00:01:07.207879,64,1140,47,0.00375,0.0,PRUNED
772,772,0.8695,2023-02-09 12:49:25.532122,2023-02-09 12:50:31.798797,0 days 00:01:06.266675,64,1300,49,0.00375,0.0,PRUNED
773,773,0.8668,2023-02-09 12:50:31.837628,2023-02-09 12:51:37.806675,0 days 00:01:05.969047,64,1240,46,0.00375,4e-05,PRUNED
774,774,0.883,2023-02-09 12:50:34.711804,2023-02-09 12:53:16.939168,0 days 00:02:42.227364,64,2360,51,0.00375,4e-05,PRUNED
775,775,0.101,2023-02-09 12:51:37.844643,2023-02-09 12:52:18.623863,0 days 00:00:40.779220,512,2220,53,0.075,0.0,PRUNED
776,776,,2023-02-09 12:52:18.650590,,,64,2140,49,0.00375,0.0,RUNNING
777,777,0.8707,2023-02-09 12:53:16.967872,2023-02-09 12:53:54.136738,0 days 00:00:37.168866,64,2020,49,0.00375,0.0,PRUNED
778,778,0.8475,2023-02-09 12:53:54.165151,2023-02-09 12:54:31.297639,0 days 00:00:37.132488,64,2120,44,0.00375,4e-08,PRUNED
779,779,0.8711,2023-02-09 12:54:31.319347,2023-02-09 12:55:08.525847,0 days 00:00:37.206500,64,1180,49,0.00375,0.0,PRUNED
780,780,0.8403,2023-02-09 12:55:08.558736,2023-02-09 12:55:47.357192,0 days 00:00:38.798456,64,1240,59,0.00375,0.0,PRUNED
781,781,0.8826,2023-02-09 12:55:47.379162,2023-02-09 12:58:41.016707,0 days 00:02:53.637545,64,1200,36,0.00375,0.0,PRUNED
782,782,0.852,2023-02-09 12:58:41.155023,2023-02-09 12:59:18.600715,0 days 00:00:37.445692,64,2180,46,0.00375,0.0,PRUNED
783,783,0.7843,2023-02-09 12:59:18.625051,2023-02-09 12:59:57.215474,0 days 00:00:38.590423,64,1100,52,0.0125,4e-07,PRUNED
784,784,0.8762,2023-02-09 12:59:57.243618,2023-02-09 13:01:10.457181,0 days 00:01:13.213563,64,2260,44,0.00375,4e-08,PRUNED
785,785,0.8211,2023-02-09 13:01:10.481207,2023-02-09 13:01:47.592986,0 days 00:00:37.111779,64,1280,48,0.00375,0.0,PRUNED
786,786,0.8598,2023-02-09 13:01:47.618645,2023-02-09 13:02:26.139173,0 days 00:00:38.520528,64,1140,50,0.00375,4e-06,PRUNED
787,787,0.8609,2023-02-09 13:02:26.166969,2023-02-09 13:03:02.421703,0 days 00:00:36.254734,64,1040,40,0.00375,0.0,PRUNED
788,788,0.4086,2023-02-09 13:03:02.454678,2023-02-09 13:03:42.438030,0 days 00:00:39.983352,64,2320,66,0.15,0.0,PRUNED
789,789,0.859,2023-02-09 13:03:42.469881,2023-02-09 13:04:21.592345,0 days 00:00:39.122464,64,1200,55,0.00375,4e-08,PRUNED
790,790,0.7192,2023-02-09 13:04:21.629603,2023-02-09 13:04:55.462262,0 days 00:00:33.832659,256,1340,47,0.00375,0.0,PRUNED
791,791,0.8821,2023-02-09 13:04:55.487918,2023-02-09 13:06:10.906445,0 days 00:01:15.418527,64,1240,52,0.00375,0.0,PRUNED
792,792,0.8482,2023-02-09 13:06:10.931871,2023-02-09 13:06:55.163162,0 days 00:00:44.231291,64,2140,91,0.00375,0.0,PRUNED
793,793,0.7131,2023-02-09 13:06:55.194928,2023-02-09 13:07:34.931860,0 days 00:00:39.736932,64,2220,62,0.00375,4e-08,PRUNED
794,794,0.8554,2023-02-09 13:07:34.956780,2023-02-09 13:08:11.234502,0 days 00:00:36.277722,64,2380,42,0.00375,0.0,PRUNED
795,795,0.8497,2023-02-09 13:08:11.259317,2023-02-09 13:08:45.026815,0 days 00:00:33.767498,128,1120,45,0.00375,0.0,PRUNED
796,796,0.8687,2023-02-09 13:08:45.049309,2023-02-09 13:09:21.995669,0 days 00:00:36.946360,64,2180,49,0.00375,0.0,PRUNED
797,797,0.8575,2023-02-09 13:09:22.027341,2023-02-09 13:10:01.202406,0 days 00:00:39.175065,64,1400,53,0.00375,4e-07,PRUNED
798,798,0.8607,2023-02-09 13:10:01.230112,2023-02-09 13:10:38.625098,0 days 00:00:37.394986,64,1180,47,0.00375,4e-08,PRUNED
799,799,0.6496,2023-02-09 13:10:38.650548,2023-02-09 13:11:17.881155,0 days 00:00:39.230607,64,1300,57,0.075,0.0,PRUNED
800,800,0.7172,2023-02-09 13:11:17.910207,2023-02-09 13:11:52.010011,0 days 00:00:34.099804,512,2040,51,0.00375,0.0,PRUNED
801,801,0.8841,2023-02-09 13:11:52.048144,2023-02-09 13:13:04.286422,0 days 00:01:12.238278,64,1060,44,0.00375,0.0,PRUNED
802,802,0.8624,2023-02-09 13:13:04.308456,2023-02-09 13:13:41.287416,0 days 00:00:36.978960,64,2120,49,0.00375,0.0,PRUNED
803,803,0.9111,2023-02-09 13:13:41.324951,2023-02-09 13:22:54.602987,0 days 00:09:13.278036,64,1240,46,0.00375,4e-08,COMPLETE
804,804,0.8841,2023-02-09 13:22:54.624799,2023-02-09 13:24:06.771644,0 days 00:01:12.146845,64,1320,42,0.00375,4e-08,PRUNED
805,805,0.8458,2023-02-09 13:24:06.792305,2023-02-09 13:24:44.073027,0 days 00:00:37.280722,64,1260,45,0.00375,4e-08,PRUNED
806,806,0.8768,2023-02-09 13:24:44.095336,2023-02-09 13:25:56.116063,0 days 00:01:12.020727,64,1280,43,0.00375,4e-08,PRUNED
807,807,0.8858,2023-02-09 13:25:56.136478,2023-02-09 13:27:06.080600,0 days 00:01:09.944122,64,1240,38,0.00375,4e-08,PRUNED
808,808,0.8304,2023-02-09 13:27:06.106936,2023-02-09 13:27:43.955321,0 days 00:00:37.848385,64,1280,46,0.0125,4e-08,PRUNED
809,809,0.8818,2023-02-09 13:27:43.975410,2023-02-09 13:28:57.043837,0 days 00:01:13.068427,64,1220,44,0.00375,4e-08,PRUNED
810,810,0.9054,2023-02-09 13:28:57.064157,2023-02-09 13:38:13.395639,0 days 00:09:16.331482,64,2240,46,0.00375,4e-08,COMPLETE
811,811,0.9136,2023-02-09 13:38:13.419661,2023-02-09 13:47:26.752021,0 days 00:09:13.332360,64,2280,47,0.00375,4e-08,COMPLETE
812,812,0.5934,2023-02-09 13:47:26.774774,2023-02-09 13:48:02.853117,0 days 00:00:36.078343,64,2220,41,0.115,4e-08,PRUNED
813,813,0.8795,2023-02-09 13:48:02.873286,2023-02-09 13:49:16.249525,0 days 00:01:13.376239,64,2280,47,0.00375,4e-08,PRUNED
814,814,0.8681,2023-02-09 13:49:16.270028,2023-02-09 13:50:46.591050,0 days 00:01:30.321022,16,2280,44,0.00375,4e-08,PRUNED
815,815,0.6533,2023-02-09 13:50:46.610841,2023-02-09 13:51:24.096498,0 days 00:00:37.485657,64,2200,48,0.15,4e-08,PRUNED
816,816,0.8692,2023-02-09 13:51:24.117617,2023-02-09 13:52:00.128609,0 days 00:00:36.010992,64,2240,42,0.00375,4e-08,PRUNED
817,817,0.7028,2023-02-09 13:52:00.153480,2023-02-09 13:52:33.995375,0 days 00:00:33.841895,256,2300,45,0.00375,4e-08,PRUNED
818,818,0.8293,2023-02-09 13:52:34.015955,2023-02-09 13:58:16.227479,0 days 00:05:42.211524,4,1340,48,0.00375,4e-08,PRUNED
819,819,0.8623,2023-02-09 13:58:16.257715,2023-02-09 13:58:55.882500,0 days 00:00:39.624785,64,2140,46,0.00375,4e-08,PRUNED
820,820,0.8733,2023-02-09 13:58:55.903600,2023-02-09 14:00:16.886094,0 days 00:01:20.982494,64,2260,50,0.00375,4e-08,PRUNED
821,821,0.8656,2023-02-09 14:00:16.915283,2023-02-09 14:00:56.105788,0 days 00:00:39.190505,64,1200,43,0.00375,4e-08,PRUNED
822,822,0.8594,2023-02-09 14:00:56.127163,2023-02-09 14:01:36.249319,0 days 00:00:40.122156,64,2080,48,0.00375,4e-08,PRUNED
823,823,0.8413,2023-02-09 14:01:36.273989,2023-02-09 14:02:10.270179,0 days 00:00:33.996190,128,1300,40,0.00375,4e-08,PRUNED
824,824,0.8579,2023-02-09 14:02:10.291083,2023-02-09 14:02:47.559622,0 days 00:00:37.268539,64,2180,46,0.00375,4e-08,PRUNED
825,825,0.8668,2023-02-09 14:02:47.581177,2023-02-09 14:03:25.725358,0 days 00:00:38.144181,64,1240,50,0.00375,4e-08,PRUNED
826,826,0.8772,2023-02-09 14:03:25.746770,2023-02-09 14:04:39.145704,0 days 00:01:13.398934,64,1380,45,0.00375,4e-08,PRUNED
827,827,0.9117,2023-02-09 14:04:39.167007,2023-02-09 14:14:11.451931,0 days 00:09:32.284924,64,1160,49,0.00375,4e-08,COMPLETE
828,828,0.8617,2023-02-09 14:14:11.475230,2023-02-09 14:14:51.031867,0 days 00:00:39.556637,64,2000,52,0.00375,4e-08,PRUNED
829,829,0.8706,2023-02-09 14:14:51.054470,2023-02-09 14:15:29.848363,0 days 00:00:38.793893,64,2160,50,0.00375,4e-08,PRUNED
830,830,0.6256,2023-02-09 14:15:29.876401,2023-02-09 14:16:06.248073,0 days 00:00:36.371672,512,1600,54,0.00375,4e-08,PRUNED
831,831,0.7517,2023-02-09 14:16:06.273569,2023-02-09 14:16:45.209738,0 days 00:00:38.936169,64,1140,51,0.075,4e-08,PRUNED
832,832,0.8592,2023-02-09 14:16:45.231625,2023-02-09 14:17:24.090605,0 days 00:00:38.858980,64,1220,49,0.00375,4e-08,PRUNED
833,833,0.839,2023-02-09 14:17:24.114456,2023-02-09 14:18:04.494512,0 days 00:00:40.380056,64,2320,55,0.00375,4e-08,PRUNED
834,834,0.8156,2023-02-09 14:18:04.523390,2023-02-09 14:18:43.981430,0 days 00:00:39.458040,64,1260,53,0.0125,4e-08,PRUNED
835,835,0.8667,2023-02-09 14:18:44.005404,2023-02-09 14:19:22.675043,0 days 00:00:38.669639,64,1100,48,0.00375,4e-08,PRUNED
836,836,0.8853,2023-02-09 14:19:22.701140,2023-02-09 14:20:43.085017,0 days 00:01:20.383877,64,1480,51,0.00375,4e-08,PRUNED
837,837,0.9093,2023-02-09 14:20:43.111102,2023-02-09 14:30:12.993277,0 days 00:09:29.882175,64,2200,48,0.00375,4e-08,COMPLETE
838,838,0.8819,2023-02-09 14:30:13.025399,2023-02-09 14:31:30.071512,0 days 00:01:17.046113,64,2100,50,0.00375,4e-08,PRUNED
839,839,0.6118,2023-02-09 14:31:30.106653,2023-02-09 14:32:07.783316,0 days 00:00:37.676663,64,1180,47,0.115,4e-08,PRUNED
840,840,0.8384,2023-02-09 14:32:07.807234,2023-02-09 14:32:47.250002,0 days 00:00:39.442768,64,1960,53,0.00375,4e-08,PRUNED
841,841,0.1922,2023-02-09 14:32:47.279349,2023-02-09 14:33:26.612685,0 days 00:00:39.333336,64,2260,58,0.15,4e-08,PRUNED
842,842,0.8685,2023-02-09 14:33:26.647016,2023-02-09 14:34:05.667304,0 days 00:00:39.020288,64,1160,49,0.00375,4e-08,PRUNED
843,843,0.772,2023-02-09 14:34:05.693186,2023-02-09 14:34:36.683964,0 days 00:00:30.990778,256,1320,8,0.00375,4e-08,PRUNED
844,844,0.908,2023-02-09 14:34:36.712681,2023-02-09 14:44:05.446745,0 days 00:09:28.734064,64,3000,46,0.00375,4e-08,COMPLETE
845,845,0.7809,2023-02-09 14:44:05.481613,2023-02-09 14:49:54.023328,0 days 00:05:48.541715,4,1260,52,0.00375,4e-06,PRUNED
846,846,0.8336,2023-02-09 14:49:54.052862,2023-02-09 14:51:30.695050,0 days 00:01:36.642188,16,1220,43,0.00375,4e-08,PRUNED
847,847,0.8256,2023-02-09 14:51:30.723254,2023-02-09 14:52:10.381291,0 days 00:00:39.658037,64,1060,55,0.00375,4e-08,PRUNED
848,848,0.8599,2023-02-09 14:52:10.406905,2023-02-09 14:52:49.029956,0 days 00:00:38.623051,64,1120,49,0.00375,4e-08,PRUNED
849,849,0.8556,2023-02-09 14:52:49.054892,2023-02-09 14:53:26.828324,0 days 00:00:37.773432,64,2220,45,0.00375,4e-08,PRUNED
850,850,0.9077,2023-02-09 14:53:26.850827,2023-02-09 15:03:03.415188,0 days 00:09:36.564361,64,2140,51,0.00375,4e-08,COMPLETE
851,851,0.8662,2023-02-09 15:03:03.450705,2023-02-09 15:03:42.071580,0 days 00:00:38.620875,64,2040,47,0.00375,4e-08,PRUNED
852,852,0.8538,2023-02-09 15:03:42.099999,2023-02-09 15:04:16.794125,0 days 00:00:34.694126,128,2300,48,0.00375,4e-08,PRUNED
853,853,0.7251,2023-02-09 15:04:16.817340,2023-02-09 15:04:55.322940,0 days 00:00:38.505600,64,1180,50,0.075,4e-08,PRUNED
854,854,0.8479,2023-02-09 15:04:55.346690,2023-02-09 15:05:32.882318,0 days 00:00:37.535628,64,1280,44,0.00375,4e-05,PRUNED
855,855,0.8814,2023-02-09 15:05:32.906809,2023-02-09 15:06:51.248857,0 days 00:01:18.342048,64,1220,53,0.00375,4e-06,PRUNED
856,856,0.8838,2023-02-09 15:06:51.277025,2023-02-09 15:08:07.051587,0 days 00:01:15.774562,64,2100,47,0.00375,4e-08,PRUNED
857,857,0.8018,2023-02-09 15:08:07.179204,2023-02-09 15:08:41.050746,0 days 00:00:33.871542,512,1700,42,0.00375,4e-08,PRUNED
858,858,0.8459,2023-02-09 15:08:41.078951,2023-02-09 15:09:17.838169,0 days 00:00:36.759218,64,1560,39,0.00375,0.0,PRUNED
859,859,0.8575,2023-02-09 15:09:17.860255,2023-02-09 15:09:55.867717,0 days 00:00:38.007462,64,1140,51,0.00375,0.0,PRUNED
860,860,0.8035,2023-02-09 15:09:55.892696,2023-02-09 15:10:33.657463,0 days 00:00:37.764767,64,1020,45,0.0125,4e-08,PRUNED
861,861,0.855,2023-02-09 15:10:33.691617,2023-02-09 15:11:11.214444,0 days 00:00:37.522827,64,1320,49,0.00375,0.0,PRUNED
862,862,0.8691,2023-02-09 15:11:11.236719,2023-02-09 15:11:50.835864,0 days 00:00:39.599145,64,1080,56,0.00375,4e-05,PRUNED
863,863,0.8983,2023-02-09 15:11:50.858405,2023-02-09 15:21:07.955711,0 days 00:09:17.097306,64,2180,46,0.00375,0.0,COMPLETE
864,864,0.5527,2023-02-09 15:21:07.986662,2023-02-09 15:21:47.150545,0 days 00:00:39.163883,64,2260,54,0.115,4e-08,PRUNED
865,865,0.8557,2023-02-09 15:21:47.175632,2023-02-09 15:22:25.251941,0 days 00:00:38.076309,64,1180,48,0.00375,0.0,PRUNED
866,866,0.8509,2023-02-09 15:22:25.282200,2023-02-09 15:23:04.125623,0 days 00:00:38.843423,64,1360,52,0.00375,0.0,PRUNED
867,867,0.9053,2023-02-09 15:23:04.151314,2023-02-09 15:32:19.570131,0 days 00:09:15.418817,64,1260,44,0.00375,4e-08,COMPLETE
868,868,0.3874,2023-02-09 15:32:19.700869,2023-02-09 15:34:00.941798,0 days 00:01:41.240929,16,2340,49,0.15,0.0,PRUNED
869,869,0.8637,2023-02-09 15:34:00.969491,2023-02-09 15:34:37.732288,0 days 00:00:36.762797,64,1200,41,0.00375,0.0,PRUNED
870,870,0.824,2023-02-09 15:34:37.763267,2023-02-09 15:35:18.336004,0 days 00:00:40.572737,64,1440,60,0.00375,4e-08,PRUNED
871,871,0.8716,2023-02-09 15:35:18.370614,2023-02-09 15:35:56.207834,0 days 00:00:37.837220,64,1120,47,0.00375,0.0,PRUNED
872,872,0.8599,2023-02-09 15:35:56.241192,2023-02-09 15:36:35.039998,0 days 00:00:38.798806,64,2160,51,0.00375,0.0,PRUNED
873,873,0.4938,2023-02-09 15:36:35.063655,2023-02-09 15:37:09.149326,0 days 00:00:34.085671,256,1240,44,0.00375,4e-08,PRUNED
874,874,0.8278,2023-02-09 15:37:09.180534,2023-02-09 15:42:35.338670,0 days 00:05:26.158136,4,2060,46,0.00375,0.0,PRUNED
875,875,0.869,2023-02-09 15:42:35.364697,2023-02-09 15:43:13.910362,0 days 00:00:38.545665,64,2240,50,0.00375,0.0,PRUNED
876,876,0.8659,2023-02-09 15:43:13.947621,2023-02-09 15:43:57.520423,0 days 00:00:43.572802,64,1300,74,0.00375,4e-06,PRUNED
877,877,0.9058,2023-02-09 15:43:57.553037,2023-02-09 15:53:40.283482,0 days 00:09:42.730445,64,1160,53,0.00375,4e-08,COMPLETE
878,878,0.9113,2023-02-09 15:53:40.306438,2023-02-09 16:03:00.146405,0 days 00:09:19.839967,64,1080,47,0.00375,0.0,COMPLETE
879,879,0.4553,2023-02-09 16:03:00.171019,2023-02-09 16:03:34.951898,0 days 00:00:34.780879,128,1060,50,0.075,0.0,PRUNED
880,880,0.8515,2023-02-09 16:03:34.979781,2023-02-09 16:04:18.032048,0 days 00:00:43.052267,64,1040,80,0.00375,0.0,PRUNED
881,881,0.9055,2023-02-09 16:04:18.060487,2023-02-09 16:14:02.091671,0 days 00:09:44.031184,64,1000,56,0.00375,0.0,COMPLETE
882,882,0.8776,2023-02-09 16:14:02.121463,2023-02-09 16:15:17.122712,0 days 00:01:15.001249,64,1080,48,0.00375,0.0,PRUNED
883,883,0.818,2023-02-09 16:15:17.150626,2023-02-09 16:15:55.276193,0 days 00:00:38.125567,64,1020,52,0.00375,0.0,PRUNED
884,884,0.8689,2023-02-09 16:15:55.299344,2023-02-09 16:16:33.157268,0 days 00:00:37.857924,64,1080,49,0.00375,0.0,PRUNED
885,885,0.8698,2023-02-09 16:16:33.186568,2023-02-09 16:17:10.679857,0 days 00:00:37.493289,64,1120,47,0.00375,0.0,PRUNED
886,886,0.4434,2023-02-09 16:17:10.711387,2023-02-09 16:17:45.995085,0 days 00:00:35.283698,512,1100,54,0.0125,0.0,PRUNED
887,887,0.8856,2023-02-09 16:17:46.017730,2023-02-09 16:18:59.053203,0 days 00:01:13.035473,64,1040,43,0.00375,0.0,PRUNED
888,888,0.8524,2023-02-09 16:18:59.087704,2023-02-09 16:19:37.561490,0 days 00:00:38.473786,64,1140,51,0.00375,0.0,PRUNED
889,889,0.7168,2023-02-09 16:19:37.584817,2023-02-09 16:20:15.888967,0 days 00:00:38.304150,64,1100,49,0.115,0.0,PRUNED
890,890,0.8622,2023-02-09 16:20:15.916757,2023-02-09 16:20:53.910886,0 days 00:00:37.994129,64,2120,46,0.00375,0.0,PRUNED
891,891,0.8518,2023-02-09 16:20:53.936831,2023-02-09 16:21:32.712111,0 days 00:00:38.775280,64,2200,57,0.00375,0.0,PRUNED
892,892,0.8453,2023-02-09 16:21:32.742527,2023-02-09 16:22:48.589008,0 days 00:01:15.846481,64,2300,52,0.00375,0.0,PRUNED
893,893,0.9135,2023-02-09 16:22:48.614841,2023-02-09 16:32:08.197399,0 days 00:09:19.582558,64,1040,48,0.00375,0.0,COMPLETE
894,894,0.8858,2023-02-09 16:32:08.228939,2023-02-09 16:33:21.888945,0 days 00:01:13.660006,64,1080,44,0.00375,0.0,PRUNED
895,895,0.5164,2023-02-09 16:33:21.912011,2023-02-09 16:33:59.918337,0 days 00:00:38.006326,64,1000,47,0.15,0.0,PRUNED
896,896,0.8472,2023-02-09 16:33:59.947504,2023-02-09 16:35:29.514479,0 days 00:01:29.566975,16,1040,42,0.00375,0.0,PRUNED
897,897,0.8478,2023-02-09 16:35:29.540388,2023-02-09 16:36:06.736477,0 days 00:00:37.196089,64,1000,45,0.00375,0.0,PRUNED
898,898,0.8639,2023-02-09 16:36:06.772024,2023-02-09 16:36:44.128734,0 days 00:00:37.356710,64,1040,48,0.00375,0.0,PRUNED
