,number,value,datetime_start,datetime_complete,duration,params_batch_size,params_hidden,params_leave_layers,params_lr,params_weight_decay,state
0,0,,2023-02-08 02:03:57.131546,,,4,1160,1,,,RUNNING
1,1,,2023-02-08 02:03:57.143986,,,64,1800,20,,,RUNNING
2,2,,2023-02-08 02:03:57.168413,,,512,2140,99,,,RUNNING
3,3,,2023-02-08 02:03:57.187636,,,256,2840,10,,,RUNNING
4,4,,2023-02-08 02:03:57.206218,,,64,2680,7,,,RUNNING
5,5,,2023-02-08 02:03:57.230947,,,512,2980,91,,,RUNNING
6,6,,2023-02-08 02:03:57.254995,,,256,2640,15,,,RUNNING
7,7,,2023-02-08 02:03:57.270703,,,16,1380,93,,,RUNNING
8,8,0.8807,2023-02-08 02:04:08.874957,2023-02-08 03:13:47.988663,0 days 01:09:39.113706,64,1160,38,0.0125,4e-07,COMPLETE
9,9,0.8181,2023-02-08 02:04:08.903687,2023-02-08 04:26:10.556669,0 days 02:22:01.652982,16,2040,12,0.0125,0.0,PRUNED
10,10,0.7554,2023-02-08 02:04:08.920603,2023-02-08 02:28:32.149002,0 days 00:24:23.228399,512,1680,51,0.115,4e-07,COMPLETE
11,11,0.7954,2023-02-08 02:04:08.941870,2023-02-08 02:35:54.174022,0 days 00:31:45.232152,256,1340,35,0.075,4e-06,COMPLETE
12,12,0.7937,2023-02-08 02:04:08.956797,2023-02-08 03:11:45.626347,0 days 01:07:36.669550,64,1960,37,0.075,4e-08,COMPLETE
13,13,0.3116,2023-02-08 02:04:08.979177,2023-02-08 03:25:34.461143,0 days 01:21:25.481966,4,1980,72,0.075,4e-06,PRUNED
14,14,0.8649,2023-02-08 02:04:08.994392,2023-02-08 02:57:42.968390,0 days 00:53:33.973998,128,2820,69,0.0125,4e-08,COMPLETE
15,15,0.883,2023-02-08 02:04:09.010107,2023-02-08 02:23:51.770710,0 days 00:19:42.760603,512,1900,16,0.00375,4e-07,COMPLETE
16,16,0.3145,2023-02-08 02:23:51.806290,2023-02-08 03:34:19.926149,0 days 01:10:28.119859,4,2080,77,0.115,4e-07,PRUNED
17,17,0.548,2023-02-08 02:28:32.174533,2023-02-08 03:05:02.212917,0 days 00:36:30.038384,16,1860,73,0.0125,4e-07,PRUNED
18,18,0.5961,2023-02-08 02:35:54.217223,2023-02-08 02:53:48.886027,0 days 00:17:54.668804,256,2300,30,0.15,4e-05,COMPLETE
19,19,0.7587,2023-02-08 02:53:48.935392,2023-02-08 04:24:19.451531,0 days 01:30:30.516139,4,1580,31,0.0125,4e-07,PRUNED
20,20,0.5486,2023-02-08 02:57:43.008303,2023-02-08 03:00:20.720663,0 days 00:02:37.712360,256,1920,74,0.0125,4e-08,PRUNED
21,21,0.2622,2023-02-08 03:00:20.754010,2023-02-08 03:17:45.532309,0 days 00:17:24.778299,16,1040,90,0.075,4e-07,PRUNED
22,22,0.8362,2023-02-08 03:05:02.276898,2023-02-08 03:23:10.000951,0 days 00:18:07.724053,256,1780,67,0.00375,4e-08,COMPLETE
23,23,0.0998,2023-02-08 03:11:45.677614,2023-02-08 03:13:04.814115,0 days 00:01:19.136501,512,1000,99,0.075,0.0,PRUNED
24,24,0.5309,2023-02-08 03:13:04.837612,2023-02-08 03:57:33.082379,0 days 00:44:28.244767,4,1780,36,0.00375,4e-05,PRUNED
25,25,0.6693,2023-02-08 03:13:48.027944,2023-02-08 03:34:15.443863,0 days 00:20:27.415919,4,2400,0,0.00375,0.0,PRUNED
26,26,0.6985,2023-02-08 03:17:45.600867,2023-02-08 04:39:49.327758,0 days 01:22:03.726891,4,2340,0,0.00375,4e-07,PRUNED
27,27,0.6875,2023-02-08 03:23:10.041181,2023-02-08 04:10:50.514362,0 days 00:47:40.473181,4,2440,0,0.00375,4e-07,PRUNED
28,28,0.8067,2023-02-08 03:25:34.527046,2023-02-08 03:49:24.875929,0 days 00:23:50.348883,64,2520,0,0.00375,4e-07,COMPLETE
29,29,0.8625,2023-02-08 03:34:15.499533,2023-02-08 04:08:20.777758,0 days 00:34:05.278225,64,1420,10,0.00375,4e-07,COMPLETE
30,30,0.8602,2023-02-08 03:34:20.016983,2023-02-08 04:07:18.264943,0 days 00:32:58.247960,64,1460,9,0.00375,4e-07,COMPLETE
31,31,0.2305,2023-02-08 03:49:24.913655,2023-02-08 03:50:14.192447,0 days 00:00:49.278792,512,1480,17,0.15,4e-05,PRUNED
32,32,0.8684,2023-02-08 03:50:14.240687,2023-02-08 04:36:34.972485,0 days 00:46:20.731798,64,1320,17,0.0125,4e-07,COMPLETE
33,33,0.8768,2023-02-08 03:57:33.143491,2023-02-08 04:54:51.204391,0 days 00:57:18.060900,64,1440,20,0.0125,4e-07,COMPLETE
34,34,0.7159,2023-02-08 04:07:18.304260,2023-02-08 04:09:37.398708,0 days 00:02:19.094448,128,2980,53,0.0125,4e-07,PRUNED
35,35,0.7192,2023-02-08 04:08:20.812460,2023-02-08 04:13:37.248039,0 days 00:05:16.435579,128,1180,52,0.0125,4e-07,PRUNED
36,36,0.7369,2023-02-08 04:09:37.448046,2023-02-08 04:15:24.782938,0 days 00:05:47.334892,128,2860,24,0.0125,4e-08,PRUNED
37,37,0.6524,2023-02-08 04:10:50.540549,2023-02-08 04:40:09.652354,0 days 00:29:19.111805,128,2800,57,0.0125,4e-08,PRUNED
38,38,0.8498,2023-02-08 04:13:37.294066,2023-02-08 05:10:01.481429,0 days 00:56:24.187363,128,3000,62,0.0125,4e-08,COMPLETE
39,39,0.8707,2023-02-08 04:15:24.840536,2023-02-08 05:02:43.591172,0 days 00:47:18.750636,128,2620,46,0.0125,4e-08,COMPLETE
40,40,0.3623,2023-02-08 04:24:19.518829,2023-02-08 04:25:40.046577,0 days 00:01:20.527748,512,2200,61,0.0125,4e-08,PRUNED
41,41,0.8748,2023-02-08 04:25:40.086679,2023-02-08 05:12:12.207728,0 days 00:46:32.121049,128,2660,40,0.0125,4e-06,COMPLETE
42,42,0.4732,2023-02-08 04:26:10.599160,2023-02-08 04:29:27.849587,0 days 00:03:17.250427,128,2600,42,0.15,4e-06,PRUNED
43,43,0.5455,2023-02-08 04:29:27.919220,2023-02-08 04:35:24.919821,0 days 00:05:57.000601,64,2720,43,0.115,4e-08,PRUNED
44,44,0.87,2023-02-08 04:35:24.988113,2023-02-08 05:13:12.878087,0 days 00:37:47.889974,128,1200,22,0.0125,0.0,COMPLETE
45,45,0.7845,2023-02-08 04:36:35.000412,2023-02-08 04:46:02.610874,0 days 00:09:27.610462,64,1260,20,0.0125,0.0,PRUNED
46,46,0.8774,2023-02-08 04:39:49.361968,2023-02-08 05:34:38.405238,0 days 00:54:49.043270,64,1260,20,0.0125,0.0,COMPLETE
47,47,0.8717,2023-02-08 04:40:09.710308,2023-02-08 05:32:51.590297,0 days 00:52:41.879989,64,1260,19,0.0125,0.0,COMPLETE
48,48,0.6704,2023-02-08 04:46:02.667919,2023-02-08 04:47:05.840389,0 days 00:01:03.172470,512,1160,16,0.0125,4e-07,PRUNED
49,49,0.8671,2023-02-08 04:47:05.876545,2023-02-08 05:42:41.780263,0 days 00:55:35.903718,64,1280,26,0.0125,4e-06,COMPLETE
50,50,0.5371,2023-02-08 04:54:51.240441,2023-02-08 05:00:06.990178,0 days 00:05:15.749737,64,1320,26,0.115,4e-07,PRUNED
51,51,,2023-02-08 05:00:07.016766,,,64,1640,8,0.0125,4e-06,RUNNING
52,52,0.4685,2023-02-08 05:02:43.641445,2023-02-08 05:04:03.141619,0 days 00:01:19.500174,512,1620,44,0.0125,4e-06,PRUNED
53,53,0.7051,2023-02-08 05:04:03.169427,2023-02-08 05:28:28.094016,0 days 00:24:24.924589,16,2060,31,0.0125,4e-06,PRUNED
54,54,0.4609,2023-02-08 05:10:01.516324,2023-02-08 05:20:22.742347,0 days 00:10:21.226023,16,2160,31,0.115,4e-06,PRUNED
55,55,0.3499,2023-02-08 05:12:12.248112,2023-02-08 05:21:51.598622,0 days 00:09:39.350510,16,2120,31,0.115,4e-06,PRUNED
56,56,0.3868,2023-02-08 05:13:12.917115,2023-02-08 05:26:32.463603,0 days 00:13:19.546488,16,2220,48,0.0125,4e-06,PRUNED
57,57,0.7107,2023-02-08 05:20:22.808652,2023-02-08 05:23:53.853317,0 days 00:03:31.044665,64,2660,47,0.0125,4e-06,PRUNED
58,58,0.869,2023-02-08 05:21:51.654939,2023-02-08 06:26:25.963908,0 days 01:04:34.308969,64,2600,38,0.0125,4e-06,COMPLETE
59,59,0.7315,2023-02-08 05:23:53.899565,2023-02-08 05:25:55.854733,0 days 00:02:01.955168,128,2020,38,0.0125,4e-06,PRUNED
60,60,0.3027,2023-02-08 05:25:55.890334,2023-02-08 05:26:44.481626,0 days 00:00:48.591292,512,1780,6,0.15,4e-07,PRUNED
61,61,0.6071,2023-02-08 05:26:32.488622,2023-02-08 05:27:53.747209,0 days 00:01:21.258587,256,1100,7,0.075,4e-05,PRUNED
62,62,0.1493,2023-02-08 05:26:44.505321,2023-02-08 05:28:31.184640,0 days 00:01:46.679319,256,1080,39,0.075,4e-05,PRUNED
63,63,0.8831,2023-02-08 05:27:53.787942,2023-02-08 06:27:13.547828,0 days 00:59:19.759886,64,1600,27,0.0125,4e-07,COMPLETE
64,64,0.7512,2023-02-08 05:28:28.144622,2023-02-08 05:32:03.345052,0 days 00:03:35.200430,64,1680,27,0.075,4e-07,PRUNED
65,65,0.8771,2023-02-08 05:28:31.236074,2023-02-08 06:26:28.173790,0 days 00:57:56.937716,64,1560,27,0.0125,4e-07,COMPLETE
66,66,0.7512,2023-02-08 05:32:03.393290,2023-02-08 05:33:55.165671,0 days 00:01:51.772381,128,1560,22,0.0125,0.0,PRUNED
67,67,0.6686,2023-02-08 05:32:51.629408,2023-02-08 05:36:02.008685,0 days 00:03:10.379277,64,1540,14,0.0125,0.0,PRUNED
68,68,0.777,2023-02-08 05:33:55.208877,2023-02-08 05:37:39.544354,0 days 00:03:44.335477,64,1400,35,0.0125,0.0,PRUNED
69,69,0.6999,2023-02-08 05:34:38.450063,2023-02-08 05:37:46.131248,0 days 00:03:07.681185,64,1360,17,0.0125,0.0,PRUNED
70,70,0.9001,2023-02-08 05:36:02.066017,2023-02-08 06:35:25.173419,0 days 00:59:23.107402,64,1420,35,0.00375,0.0,COMPLETE
71,71,0.858,2023-02-08 05:37:39.601579,2023-02-08 06:21:48.296632,0 days 00:44:08.695053,64,1880,11,0.00375,0.0,COMPLETE
72,72,0.8612,2023-02-08 05:37:46.154531,2023-02-08 06:24:48.640668,0 days 00:47:02.486137,64,1240,12,0.00375,0.0,COMPLETE
73,73,0.8558,2023-02-08 05:42:41.813608,2023-02-08 06:22:19.771250,0 days 00:39:37.957642,64,1920,4,0.00375,0.0,COMPLETE
74,74,0.8982,2023-02-08 06:21:48.346035,2023-02-08 06:58:30.729448,0 days 00:36:42.383413,64,1120,35,0.00375,0.0,COMPLETE
75,75,0.2714,2023-02-08 06:22:19.799999,2023-02-08 06:23:15.767556,0 days 00:00:55.967557,512,1240,20,0.15,4e-07,PRUNED
76,76,0.8846,2023-02-08 06:23:15.834891,2023-02-08 07:00:13.803874,0 days 00:36:57.968983,64,1000,35,0.0125,4e-07,COMPLETE
77,77,0.8001,2023-02-08 06:24:48.678822,2023-02-08 06:27:13.659096,0 days 00:02:24.980274,128,1000,35,0.0125,4e-07,PRUNED
78,78,0.7105,2023-02-08 06:26:25.991524,2023-02-08 06:29:32.178667,0 days 00:03:06.187143,128,1000,79,0.0125,4e-08,PRUNED
79,79,0.8851,2023-02-08 06:26:28.213329,2023-02-08 07:00:51.971331,0 days 00:34:23.758002,64,1480,29,0.0125,4e-07,COMPLETE
80,80,0.7922,2023-02-08 06:27:13.576969,2023-02-08 06:34:02.858813,0 days 00:06:49.281844,64,1480,29,0.0125,4e-07,PRUNED
81,81,0.6997,2023-02-08 06:27:13.694808,2023-02-08 06:30:57.571410,0 days 00:03:43.876602,64,1440,26,0.0125,4e-07,PRUNED
82,82,0.781,2023-02-08 06:29:32.234731,2023-02-08 06:32:52.612033,0 days 00:03:20.377302,64,1480,29,0.0125,4e-07,PRUNED
83,83,0.8097,2023-02-08 06:30:57.638563,2023-02-08 07:04:41.117961,0 days 00:33:43.479398,4,1680,33,0.00375,4e-07,PRUNED
84,84,0.7646,2023-02-08 06:32:52.652370,2023-02-08 07:04:35.228712,0 days 00:31:42.576342,4,1680,34,0.00375,4e-07,PRUNED
85,85,0.701,2023-02-08 06:34:02.900717,2023-02-08 07:07:09.107586,0 days 00:33:06.206869,4,1680,34,0.00375,4e-07,PRUNED
86,86,0.8216,2023-02-08 06:35:25.219878,2023-02-08 07:51:27.573853,0 days 01:16:02.353975,4,1700,34,0.00375,4e-07,PRUNED
87,87,0.9039,2023-02-08 06:58:30.770400,2023-02-08 07:37:29.225014,0 days 00:38:58.454614,64,1720,33,0.00375,4e-07,COMPLETE
88,88,0.9049,2023-02-08 07:00:13.837611,2023-02-08 07:41:42.661773,0 days 00:41:28.824162,64,1120,35,0.00375,4e-07,COMPLETE
89,89,0.7904,2023-02-08 07:00:52.000490,2023-02-08 07:42:23.883476,0 days 00:41:31.882986,4,1120,34,0.00375,4e-07,PRUNED
90,90,0.9028,2023-02-08 07:04:35.298845,2023-02-08 07:45:54.626155,0 days 00:41:19.327310,64,1140,34,0.00375,0.0,COMPLETE
91,91,0.892,2023-02-08 07:04:41.171606,2023-02-08 07:43:14.333986,0 days 00:38:33.162380,64,1140,22,0.00375,0.0,COMPLETE
92,92,0.9042,2023-02-08 07:07:09.145107,2023-02-08 07:54:51.894690,0 days 00:47:42.749583,64,1120,41,0.00375,0.0,COMPLETE
93,93,0.906,2023-02-08 07:37:29.252336,2023-02-08 08:32:36.917874,0 days 00:55:07.665538,64,1120,42,0.00375,4e-07,COMPLETE
94,94,0.9057,2023-02-08 07:41:42.705662,2023-02-08 08:37:59.121807,0 days 00:56:16.416145,64,1820,41,0.00375,4e-07,COMPLETE
95,95,0.8968,2023-02-08 07:42:23.946424,2023-02-08 08:39:27.334192,0 days 00:57:03.387768,64,1740,41,0.00375,4e-07,COMPLETE
96,96,0.9032,2023-02-08 07:43:14.374812,2023-02-08 08:41:49.015204,0 days 00:58:34.640392,64,1760,41,0.00375,4e-07,COMPLETE
97,97,0.8894,2023-02-08 07:45:54.666496,2023-02-08 08:30:03.945458,0 days 00:44:09.278962,64,1140,23,0.00375,0.0,COMPLETE
98,98,0.899,2023-02-08 07:51:27.631179,2023-02-08 08:47:07.641199,0 days 00:55:40.010020,64,1120,40,0.00375,0.0,COMPLETE
99,99,0.9008,2023-02-08 07:54:51.927423,2023-02-08 08:51:40.904995,0 days 00:56:48.977572,64,1060,40,0.00375,0.0,COMPLETE
100,100,0.8947,2023-02-08 08:30:03.983803,2023-02-08 09:24:00.598360,0 days 00:53:56.614557,64,1060,40,0.00375,0.0,COMPLETE
101,101,0.9047,2023-02-08 08:32:36.941905,2023-02-08 09:26:39.961645,0 days 00:54:03.019740,64,1060,42,0.00375,0.0,COMPLETE
102,102,0.9037,2023-02-08 08:37:59.146203,2023-02-08 09:33:47.973969,0 days 00:55:48.827766,64,1060,43,0.00375,0.0,COMPLETE
103,103,0.9011,2023-02-08 08:39:27.375983,2023-02-08 09:35:21.006374,0 days 00:55:53.630391,64,1820,41,0.00375,0.0,COMPLETE
104,104,0.9005,2023-02-08 08:41:49.050579,2023-02-08 09:40:04.471523,0 days 00:58:15.420944,64,1080,44,0.00375,0.0,COMPLETE
105,105,0.9057,2023-02-08 08:47:07.685788,2023-02-08 09:45:00.631079,0 days 00:57:52.945291,64,1840,50,0.00375,0.0,COMPLETE
106,106,0.908,2023-02-08 08:51:40.941664,2023-02-08 09:51:10.481327,0 days 00:59:29.539663,64,1840,50,0.00375,0.0,COMPLETE
107,107,0.9117,2023-02-08 09:24:00.635659,2023-02-08 10:18:41.217934,0 days 00:54:40.582275,64,1060,44,0.00375,0.0,COMPLETE
108,108,0.9086,2023-02-08 09:26:40.013946,2023-02-08 10:21:08.624673,0 days 00:54:28.610727,64,1180,45,0.00375,0.0,COMPLETE
109,109,0.91,2023-02-08 09:33:48.007097,2023-02-08 10:29:36.969618,0 days 00:55:48.962521,64,1200,45,0.00375,0.0,COMPLETE
110,110,0.9105,2023-02-08 09:35:21.038450,2023-02-08 10:34:00.614454,0 days 00:58:39.576004,64,1820,50,0.00375,0.0,COMPLETE
111,111,0.9066,2023-02-08 09:40:04.495130,2023-02-08 10:39:40.374789,0 days 00:59:35.879659,64,1840,49,0.00375,0.0,COMPLETE
112,112,0.8984,2023-02-08 09:45:00.670457,2023-02-08 10:43:52.477415,0 days 00:58:51.806958,64,1980,50,0.00375,4e-05,COMPLETE
113,113,0.7941,2023-02-08 09:51:10.504319,2023-02-08 09:52:45.901151,0 days 00:01:35.396832,256,1980,50,0.00375,4e-05,PRUNED
114,114,0.9145,2023-02-08 09:52:45.966218,2023-02-08 10:52:07.961071,0 days 00:59:21.994853,64,1840,53,0.00375,0.0,COMPLETE
115,115,0.9016,2023-02-08 10:18:41.274585,2023-02-08 11:15:30.761612,0 days 00:56:49.487027,64,1200,53,0.00375,0.0,COMPLETE
116,116,0.9063,2023-02-08 10:21:08.660611,2023-02-08 11:17:48.050789,0 days 00:56:39.390178,64,1200,54,0.00375,0.0,COMPLETE
117,117,0.9089,2023-02-08 10:29:37.010423,2023-02-08 11:27:38.486821,0 days 00:58:01.476398,64,1220,56,0.00375,0.0,COMPLETE
118,118,0.903,2023-02-08 10:34:00.652441,2023-02-08 11:31:44.736212,0 days 00:57:44.083771,64,1860,56,0.00375,0.0,COMPLETE
119,119,0.905,2023-02-08 10:39:40.410418,2023-02-08 11:38:07.841239,0 days 00:58:27.430821,64,1200,56,0.00375,0.0,COMPLETE
120,120,0.9076,2023-02-08 10:43:52.505289,2023-02-08 11:38:34.062548,0 days 00:54:41.557259,64,1840,55,0.00375,0.0,COMPLETE
121,121,0.9008,2023-02-08 10:52:08.013832,2023-02-08 11:47:52.841164,0 days 00:55:44.827332,64,1840,55,0.00375,0.0,COMPLETE
122,122,0.8237,2023-02-08 11:15:30.798168,2023-02-08 11:19:24.211612,0 days 00:03:53.413444,64,1860,58,0.00375,0.0,PRUNED
123,123,0.8989,2023-02-08 11:17:48.094654,2023-02-08 12:08:47.609766,0 days 00:50:59.515112,64,1840,55,0.00375,0.0,COMPLETE
124,124,0.8245,2023-02-08 11:19:24.282428,2023-02-08 11:45:07.070173,0 days 00:25:42.787745,16,1940,55,0.00375,0.0,PRUNED
125,125,0.84,2023-02-08 11:27:38.531506,2023-02-08 11:39:46.939538,0 days 00:12:08.408032,16,1940,54,0.00375,0.0,PRUNED
126,126,0.8131,2023-02-08 11:31:44.782243,2023-02-08 11:35:02.145864,0 days 00:03:17.363621,64,1900,55,0.00375,0.0,PRUNED
127,127,0.864,2023-02-08 11:35:02.207037,2023-02-08 11:41:05.934690,0 days 00:06:03.727653,64,1940,48,0.00375,0.0,PRUNED
128,128,0.8616,2023-02-08 11:38:07.877319,2023-02-08 12:05:43.822518,0 days 00:27:35.945199,16,1820,48,0.00375,0.0,PRUNED
129,129,0.7843,2023-02-08 11:38:34.102611,2023-02-08 11:41:55.288711,0 days 00:03:21.186100,64,1800,61,0.00375,0.0,PRUNED
130,130,0.2326,2023-02-08 11:39:47.000046,2023-02-08 11:43:47.004804,0 days 00:04:00.004758,64,1800,60,0.115,0.0,PRUNED
131,131,0.1032,2023-02-08 11:41:05.999399,2023-02-08 11:42:31.536275,0 days 00:01:25.536876,256,1820,60,0.115,0.0,PRUNED
132,132,0.2728,2023-02-08 11:41:55.356146,2023-02-08 11:43:13.949290,0 days 00:01:18.593144,256,1300,46,0.115,0.0,PRUNED
133,133,0.3419,2023-02-08 11:42:31.563709,2023-02-08 11:46:16.157048,0 days 00:03:44.593339,64,1300,66,0.15,0.0,PRUNED
134,134,0.3255,2023-02-08 11:43:14.014462,2023-02-08 11:46:44.906033,0 days 00:03:30.891571,64,1360,65,0.15,0.0,PRUNED
135,135,0.4319,2023-02-08 11:43:47.043950,2023-02-08 11:47:24.388381,0 days 00:03:37.344431,64,2040,65,0.075,0.0,PRUNED
136,136,0.4731,2023-02-08 11:45:07.127347,2023-02-08 11:48:45.503588,0 days 00:03:38.376241,64,1360,64,0.15,0.0,PRUNED
137,137,0.9102,2023-02-08 11:46:16.208364,2023-02-08 12:42:21.578303,0 days 00:56:05.369939,64,2060,50,0.00375,0.0,COMPLETE
138,138,0.8757,2023-02-08 11:46:44.962857,2023-02-08 11:57:13.701738,0 days 00:10:28.738881,64,1640,52,0.00375,0.0,PRUNED
139,139,0.9157,2023-02-08 11:47:24.443905,2023-02-08 12:43:41.683770,0 days 00:56:17.239865,64,1840,51,0.00375,0.0,COMPLETE
140,140,0.9116,2023-02-08 11:47:52.881176,2023-02-08 12:45:11.191337,0 days 00:57:18.310161,64,1200,50,0.00375,0.0,COMPLETE
141,141,0.9051,2023-02-08 11:48:45.566366,2023-02-08 12:44:18.995937,0 days 00:55:33.429571,64,1180,51,0.00375,0.0,COMPLETE
142,142,0.9122,2023-02-08 11:57:13.752145,2023-02-08 12:52:32.291250,0 days 00:55:18.539105,64,1220,46,0.00375,0.0,COMPLETE
143,143,0.9107,2023-02-08 12:05:43.862993,2023-02-08 13:06:13.862974,0 days 01:00:29.999981,64,1180,51,0.00375,0.0,COMPLETE
144,144,0.9116,2023-02-08 12:08:47.658801,2023-02-08 13:03:52.924467,0 days 00:55:05.265666,64,2100,46,0.00375,0.0,COMPLETE
145,145,0.7525,2023-02-08 12:42:21.624250,2023-02-08 12:43:21.980631,0 days 00:01:00.356381,512,2080,46,0.00375,0.0,PRUNED
146,146,0.9127,2023-02-08 12:43:22.034454,2023-02-08 13:42:00.229000,0 days 00:58:38.194546,64,2120,51,0.00375,0.0,COMPLETE
147,147,0.869,2023-02-08 12:43:41.744344,2023-02-08 12:51:47.174838,0 days 00:08:05.430494,64,2100,58,0.00375,0.0,PRUNED
148,148,0.908,2023-02-08 12:44:19.043877,2023-02-08 13:39:16.585838,0 days 00:54:57.541961,64,1760,45,0.00375,0.0,COMPLETE
149,149,0.7639,2023-02-08 12:45:11.241197,2023-02-08 12:49:20.549714,0 days 00:04:09.308517,64,1240,58,0.00375,0.0,PRUNED
150,150,0.884,2023-02-08 12:49:20.614532,2023-02-08 13:24:01.942579,0 days 00:34:41.328047,64,2240,46,0.00375,0.0,PRUNED
151,151,0.9122,2023-02-08 12:51:47.248393,2023-02-08 13:47:52.190463,0 days 00:56:04.942070,64,1220,45,0.00375,0.0,COMPLETE
152,152,0.8145,2023-02-08 12:52:32.325874,2023-02-08 12:56:15.678806,0 days 00:03:43.352932,64,2240,45,0.00375,0.0,PRUNED
153,153,0.9106,2023-02-08 12:56:15.728347,2023-02-08 13:54:04.999675,0 days 00:57:49.271328,64,1220,52,0.00375,0.0,COMPLETE
154,154,0.8655,2023-02-08 13:03:52.958623,2023-02-08 13:11:18.946625,0 days 00:07:25.988002,64,2160,48,0.00375,0.0,PRUNED
155,155,0.9126,2023-02-08 13:06:13.905418,2023-02-08 14:04:47.833106,0 days 00:58:33.927688,64,2140,47,0.00375,0.0,COMPLETE
156,156,0.9017,2023-02-08 13:11:19.001474,2023-02-08 14:07:51.503201,0 days 00:56:32.501727,64,2320,51,0.00375,0.0,COMPLETE
157,157,0.9068,2023-02-08 13:24:01.979531,2023-02-08 14:22:25.590901,0 days 00:58:23.611370,64,2360,49,0.00375,0.0,COMPLETE
158,158,0.9071,2023-02-08 13:39:16.642063,2023-02-08 14:36:19.459953,0 days 00:57:02.817890,64,2140,52,0.00375,0.0,COMPLETE
159,159,0.8559,2023-02-08 13:42:00.264013,2023-02-08 13:45:55.173853,0 days 00:03:54.909840,64,2160,52,0.00375,0.0,PRUNED
160,160,0.9026,2023-02-08 13:45:55.339167,2023-02-08 14:44:14.143216,0 days 00:58:18.804049,64,2120,51,0.00375,0.0,COMPLETE
161,161,0.9127,2023-02-08 13:47:52.223267,2023-02-08 14:47:02.673600,0 days 00:59:10.450333,64,2340,51,0.00375,4e-08,COMPLETE
162,162,0.6442,2023-02-08 13:54:05.040706,2023-02-08 13:58:00.766188,0 days 00:03:55.725482,64,2340,52,0.075,4e-08,PRUNED
163,163,0.9102,2023-02-08 13:58:00.820409,2023-02-08 14:54:00.737030,0 days 00:55:59.916621,64,1240,47,0.00375,0.0,COMPLETE
164,164,0.9065,2023-02-08 14:04:47.871317,2023-02-08 15:04:02.032287,0 days 00:59:14.160970,64,2120,48,0.00375,0.0,COMPLETE
165,165,0.9128,2023-02-08 14:07:51.536148,2023-02-08 15:03:08.932426,0 days 00:55:17.396278,64,2140,48,0.00375,0.0,COMPLETE
166,166,0.8707,2023-02-08 14:22:25.622591,2023-02-08 14:30:02.085863,0 days 00:07:36.463272,64,2120,44,0.00375,0.0,PRUNED
167,167,0.9097,2023-02-08 14:30:02.142982,2023-02-08 15:28:21.478625,0 days 00:58:19.335643,64,1240,47,0.00375,0.0,COMPLETE
168,168,0.8522,2023-02-08 14:36:19.495911,2023-02-08 14:39:59.616581,0 days 00:03:40.120670,64,1240,47,0.00375,0.0,PRUNED
169,169,0.8762,2023-02-08 14:39:59.672093,2023-02-08 14:47:26.353328,0 days 00:07:26.681235,64,2040,47,0.00375,0.0,PRUNED
170,170,0.8482,2023-02-08 14:44:14.207056,2023-02-08 14:47:56.007826,0 days 00:03:41.800770,64,2020,44,0.00375,0.0,PRUNED
171,171,0.9104,2023-02-08 14:47:02.713618,2023-02-08 15:45:46.993110,0 days 00:58:44.279492,64,2540,48,0.00375,4e-08,COMPLETE
172,172,0.8583,2023-02-08 14:47:26.384672,2023-02-08 14:51:17.461059,0 days 00:03:51.076387,64,2420,49,0.00375,4e-08,PRUNED
173,173,0.913,2023-02-08 14:47:56.047186,2023-02-08 15:47:29.703087,0 days 00:59:33.655901,64,2200,49,0.00375,4e-08,COMPLETE
174,174,0.8295,2023-02-08 14:51:17.500712,2023-02-08 14:55:13.106308,0 days 00:03:55.605596,64,1280,53,0.00375,4e-08,PRUNED
175,175,0.8755,2023-02-08 14:54:00.774444,2023-02-08 15:01:41.919754,0 days 00:07:41.145310,64,2180,48,0.00375,4e-08,PRUNED
176,176,0.8585,2023-02-08 14:55:13.163136,2023-02-08 14:59:02.460985,0 days 00:03:49.297849,64,2520,48,0.00375,4e-08,PRUNED
177,177,0.8983,2023-02-08 14:59:02.509726,2023-02-08 15:57:34.980030,0 days 00:58:32.470304,64,1320,50,0.00375,4e-05,COMPLETE
178,178,0.8731,2023-02-08 15:01:41.956794,2023-02-08 15:09:37.781018,0 days 00:07:55.824224,64,1220,43,0.00375,0.0,PRUNED
179,179,0.5815,2023-02-08 15:03:08.971931,2023-02-08 15:04:14.424720,0 days 00:01:05.452789,512,2480,38,0.00375,4e-05,PRUNED
180,180,0.692,2023-02-08 15:04:02.076490,2023-02-08 15:05:07.539336,0 days 00:01:05.462846,512,2240,44,0.00375,0.0,PRUNED
181,181,0.8767,2023-02-08 15:04:14.446274,2023-02-08 15:11:30.100593,0 days 00:07:15.654319,64,2240,43,0.00375,0.0,PRUNED
