,number,value,datetime_start,datetime_complete,duration,params_batch_size,params_hidden,params_leave_layers,params_lr,params_weight_decay,state
1076,1076,0.8456,2023-02-09 22:04:04.602057,2023-02-09 22:04:43.078678,0 days 00:00:38.476621,64,1180,51,0.00375,4e-08,PRUNED
1077,1077,0.5761,2023-02-09 22:04:43.101108,2023-02-09 22:05:20.966950,0 days 00:00:37.865842,64,2320,49,0.15,0.0,PRUNED
1078,1078,0.8698,2023-02-09 22:05:20.995512,2023-02-09 22:05:58.138067,0 days 00:00:37.142555,64,2240,47,0.00375,0.0,PRUNED
1079,1079,0.878,2023-02-09 22:05:58.172617,2023-02-09 22:09:08.524045,0 days 00:03:10.351428,64,2120,53,0.00375,4e-08,PRUNED
1080,1080,0.6355,2023-02-09 22:09:08.546421,2023-02-09 22:09:42.320055,0 days 00:00:33.773634,512,1160,44,0.00375,0.0,PRUNED
1081,1081,0.9027,2023-02-09 22:09:42.348589,2023-02-09 22:19:07.670212,0 days 00:09:25.321623,64,1200,49,0.00375,4e-06,COMPLETE
1082,1082,0.8431,2023-02-09 22:19:07.700506,2023-02-09 22:19:52.954162,0 days 00:00:45.253656,64,2020,90,0.00375,0.0,PRUNED
1083,1083,0.8674,2023-02-09 22:19:52.980827,2023-02-09 22:20:29.643305,0 days 00:00:36.662478,64,2280,42,0.00375,0.0,PRUNED
1084,1084,0.873,2023-02-09 22:20:29.672653,2023-02-09 22:21:08.578212,0 days 00:00:38.905559,64,1260,51,0.00375,4e-08,PRUNED
1085,1085,0.8859,2023-02-09 22:21:08.601819,2023-02-09 22:22:23.275828,0 days 00:01:14.674009,64,2180,46,0.00375,0.0,PRUNED
1086,1086,0.9101,2023-02-09 22:22:23.303520,2023-02-09 22:31:44.731715,0 days 00:09:21.428195,64,1420,48,0.00375,0.0,COMPLETE
1087,1087,0.1211,2023-02-09 22:31:44.764258,2023-02-09 22:33:03.423031,0 days 00:01:18.658773,64,2360,55,0.00375,4e-08,PRUNED
1088,1088,0.6101,2023-02-09 22:33:03.451435,2023-02-09 22:33:41.074219,0 days 00:00:37.622784,64,1160,45,0.075,0.0,PRUNED
1089,1089,0.9108,2023-02-09 22:33:41.096818,2023-02-09 22:43:11.594637,0 days 00:09:30.497819,64,2420,51,0.00375,0.0,COMPLETE
1090,1090,0.8438,2023-02-09 22:43:11.628037,2023-02-09 22:44:47.148465,0 days 00:01:35.520428,16,1300,47,0.00375,4e-05,PRUNED
1091,1091,0.8717,2023-02-09 22:44:47.177830,2023-02-09 22:45:25.802637,0 days 00:00:38.624807,64,1220,53,0.00375,0.0,PRUNED
1092,1092,0.8621,2023-02-09 22:45:25.825501,2023-02-09 22:46:02.882287,0 days 00:00:37.056786,64,2220,43,0.00375,4e-08,PRUNED
1093,1093,0.8295,2023-02-09 22:46:02.912577,2023-02-09 22:46:37.563427,0 days 00:00:34.650850,256,2100,49,0.00375,0.0,PRUNED
1094,1094,0.8801,2023-02-09 22:46:37.599522,2023-02-09 22:47:50.862668,0 days 00:01:13.263146,64,2140,41,0.00375,0.0,PRUNED
1095,1095,0.5224,2023-02-09 22:47:50.893520,2023-02-09 22:53:01.983402,0 days 00:05:11.089882,4,1140,46,0.0125,4e-08,PRUNED
1096,1096,0.8722,2023-02-09 22:53:02.008843,2023-02-09 22:54:18.536893,0 days 00:01:16.528050,64,1200,50,0.00375,0.0,PRUNED
1097,1097,0.8714,2023-02-09 22:54:18.570197,2023-02-09 22:55:33.249167,0 days 00:01:14.678970,64,1240,48,0.00375,0.0,PRUNED
1098,1098,0.8705,2023-02-09 22:55:33.277207,2023-02-09 22:56:10.629746,0 days 00:00:37.352539,64,2280,44,0.00375,4e-08,PRUNED
1099,1099,0.8421,2023-02-09 22:56:10.652050,2023-02-09 22:56:49.512871,0 days 00:00:38.860821,64,2180,51,0.00375,0.0,PRUNED
1100,1100,0.5639,2023-02-09 22:56:49.538768,2023-02-09 22:57:26.916016,0 days 00:00:37.377248,64,1140,46,0.115,0.0,PRUNED
1101,1101,0.8187,2023-02-09 22:57:26.939540,2023-02-09 22:58:02.390349,0 days 00:00:35.450809,128,2320,53,0.00375,0.0,PRUNED
1102,1102,0.8342,2023-02-09 22:58:02.523056,2023-02-09 22:58:40.620079,0 days 00:00:38.097023,64,1800,48,0.00375,4e-08,PRUNED
1103,1103,0.6319,2023-02-09 22:58:40.649004,2023-02-09 22:59:19.259384,0 days 00:00:38.610380,64,2060,50,0.15,4e-06,PRUNED
1104,1104,0.8532,2023-02-09 22:59:19.281493,2023-02-09 22:59:57.149139,0 days 00:00:37.867646,64,1700,45,0.00375,4e-07,PRUNED
1105,1105,0.8669,2023-02-09 22:59:57.177189,2023-02-09 23:00:34.191449,0 days 00:00:37.014260,64,1280,40,0.00375,0.0,PRUNED
1106,1106,0.8811,2023-02-09 23:00:34.225168,2023-02-09 23:01:48.278314,0 days 00:01:14.053146,64,1940,43,0.00375,0.0,PRUNED
1107,1107,0.8497,2023-02-09 23:01:48.303962,2023-02-09 23:02:25.798417,0 days 00:00:37.494455,64,2220,47,0.00375,4e-08,PRUNED
1108,1108,0.8563,2023-02-09 23:02:25.824847,2023-02-09 23:03:03.954013,0 days 00:00:38.129166,64,1360,55,0.00375,0.0,PRUNED
1109,1109,0.8511,2023-02-09 23:03:03.979977,2023-02-09 23:03:42.770974,0 days 00:00:38.790997,64,1180,52,0.00375,0.0,PRUNED
1110,1110,0.7241,2023-02-09 23:03:42.796825,2023-02-09 23:04:17.303529,0 days 00:00:34.506704,512,1240,49,0.00375,4e-08,PRUNED
1111,1111,0.8824,2023-02-09 23:04:17.333255,2023-02-09 23:05:31.961027,0 days 00:01:14.627772,64,2120,45,0.00375,0.0,PRUNED
1112,1112,0.8672,2023-02-09 23:05:31.987297,2023-02-09 23:06:09.828508,0 days 00:00:37.841211,64,1620,47,0.00375,0.0,PRUNED
1113,1113,0.8726,2023-02-09 23:06:09.857618,2023-02-09 23:06:47.998376,0 days 00:00:38.140758,64,2360,50,0.00375,0.0,PRUNED
1114,1114,0.5793,2023-02-09 23:06:48.021633,2023-02-09 23:07:23.576651,0 days 00:00:35.555018,64,2000,34,0.075,4e-08,PRUNED
1115,1115,0.9052,2023-02-09 23:07:23.602479,2023-02-09 23:16:31.600051,0 days 00:09:07.997572,64,1200,42,0.00375,0.0,COMPLETE
1116,1116,0.8591,2023-02-09 23:16:31.630026,2023-02-09 23:17:10.777381,0 days 00:00:39.147355,64,1140,52,0.00375,0.0,PRUNED
1117,1117,0.8475,2023-02-09 23:17:10.799207,2023-02-09 23:18:48.624888,0 days 00:01:37.825681,16,1320,48,0.00375,4e-05,PRUNED
1118,1118,0.8682,2023-02-09 23:18:48.646908,2023-02-09 23:19:26.059495,0 days 00:00:37.412587,64,2260,44,0.00375,4e-08,PRUNED
1119,1119,0.8706,2023-02-09 23:19:26.092123,2023-02-09 23:20:05.379457,0 days 00:00:39.287334,64,1500,54,0.00375,0.0,PRUNED
1120,1120,0.863,2023-02-09 23:20:05.405905,2023-02-09 23:20:43.002166,0 days 00:00:37.596261,64,2140,46,0.00375,0.0,PRUNED
1121,1121,0.7026,2023-02-09 23:20:43.026070,2023-02-09 23:21:17.761018,0 days 00:00:34.734948,256,1120,50,0.0125,4e-08,PRUNED
1122,1122,0.8655,2023-02-09 23:21:17.800058,2023-02-09 23:21:55.731745,0 days 00:00:37.931687,64,2200,48,0.00375,0.0,PRUNED
1123,1123,0.7161,2023-02-09 23:21:55.757394,2023-02-09 23:26:55.384878,0 days 00:04:59.627484,4,2080,45,0.00375,0.0,PRUNED
1124,1124,0.9014,2023-02-09 23:26:55.410966,2023-02-09 23:36:36.531849,0 days 00:09:41.120883,64,1160,56,0.00375,0.0,COMPLETE
1125,1125,0.6562,2023-02-09 23:36:36.564408,2023-02-09 23:37:14.922457,0 days 00:00:38.358049,64,2320,52,0.115,4e-08,PRUNED
1126,1126,0.8638,2023-02-09 23:37:14.951299,2023-02-09 23:37:52.814704,0 days 00:00:37.863405,64,1260,49,0.00375,0.0,PRUNED
1127,1127,0.9051,2023-02-09 23:37:52.838352,2023-02-09 23:47:02.439617,0 days 00:09:09.601265,64,1200,43,0.00375,0.0,COMPLETE
1128,1128,0.8419,2023-02-09 23:47:02.469679,2023-02-09 23:47:37.508003,0 days 00:00:35.038324,128,2180,47,0.00375,4e-06,PRUNED
1129,1129,0.8722,2023-02-09 23:47:37.545482,2023-02-09 23:48:16.202817,0 days 00:00:38.657335,64,1760,51,0.00375,4e-08,PRUNED
1130,1130,0.8637,2023-02-09 23:48:16.231833,2023-02-09 23:48:53.113274,0 days 00:00:36.881441,64,2240,40,0.00375,4e-07,PRUNED
1131,1131,0.8692,2023-02-09 23:48:53.143465,2023-02-09 23:49:30.218799,0 days 00:00:37.075334,64,1040,45,0.00375,0.0,PRUNED
1132,1132,0.6354,2023-02-09 23:49:30.257288,2023-02-09 23:50:08.266712,0 days 00:00:38.009424,64,2460,49,0.15,0.0,PRUNED
1133,1133,0.8528,2023-02-09 23:50:08.289624,2023-02-09 23:50:44.194641,0 days 00:00:35.905017,64,2400,37,0.00375,4e-08,PRUNED
1134,1134,0.906,2023-02-09 23:50:44.216150,2023-02-10 00:00:22.045581,0 days 00:09:37.829431,64,1100,53,0.00375,0.0,COMPLETE
1135,1135,0.749,2023-02-10 00:00:22.071980,2023-02-10 00:00:56.495752,0 days 00:00:34.423772,512,1160,47,0.00375,0.0,PRUNED
1136,1136,0.8793,2023-02-10 00:00:56.518365,2023-02-10 00:02:09.359508,0 days 00:01:12.841143,64,2300,42,0.00375,0.0,PRUNED
1137,1137,0.8842,2023-02-10 00:02:09.391822,2023-02-10 00:03:26.796742,0 days 00:01:17.404920,64,1240,50,0.00375,4e-08,PRUNED
1138,1138,0.8706,2023-02-10 00:03:26.824784,2023-02-10 00:04:04.046496,0 days 00:00:37.221712,64,1280,46,0.00375,0.0,PRUNED
1139,1139,0.8641,2023-02-10 00:04:04.069796,2023-02-10 00:04:42.473309,0 days 00:00:38.403513,64,1200,48,0.00375,0.0,PRUNED
1140,1140,0.6289,2023-02-10 00:04:42.505518,2023-02-10 00:05:19.817976,0 days 00:00:37.312458,64,2040,44,0.075,4e-08,PRUNED
1141,1141,0.8762,2023-02-10 00:05:19.840726,2023-02-10 00:06:36.900645,0 days 00:01:17.059919,64,1080,54,0.00375,0.0,PRUNED
1142,1142,0.8702,2023-02-10 00:06:36.927136,2023-02-10 00:07:15.010577,0 days 00:00:38.083441,64,1120,51,0.00375,4e-05,PRUNED
1143,1143,0.8618,2023-02-10 00:07:15.043837,2023-02-10 00:07:53.040671,0 days 00:00:37.996834,64,1880,47,0.00375,0.0,PRUNED
1144,1144,0.8592,2023-02-10 00:07:53.063374,2023-02-10 00:09:09.404658,0 days 00:01:16.341284,64,2160,49,0.00375,4e-08,PRUNED
1145,1145,0.8825,2023-02-10 00:09:09.427607,2023-02-10 00:14:03.130083,0 days 00:04:53.702476,64,2240,44,0.00375,0.0,PRUNED
1146,1146,0.8343,2023-02-10 00:14:03.160084,2023-02-10 00:15:39.753862,0 days 00:01:36.593778,16,1160,52,0.00375,0.0,PRUNED
1147,1147,0.7739,2023-02-10 00:15:39.786198,2023-02-10 00:16:21.592567,0 days 00:00:41.806369,64,2100,76,0.0125,0.0,PRUNED
1148,1148,0.8378,2023-02-10 00:16:21.615066,2023-02-10 00:16:58.136861,0 days 00:00:36.521795,64,1320,41,0.00375,4e-08,PRUNED
1149,1149,0.8407,2023-02-10 00:16:58.167130,2023-02-10 00:17:32.831562,0 days 00:00:34.664432,256,1200,46,0.00375,0.0,PRUNED
1150,1150,0.8066,2023-02-10 00:17:32.859465,2023-02-10 00:23:19.415788,0 days 00:05:46.556323,4,1040,57,0.00375,0.0,PRUNED
1151,1151,0.4726,2023-02-10 00:23:19.446828,2023-02-10 00:23:57.544690,0 days 00:00:38.097862,64,1240,50,0.115,4e-08,PRUNED
1152,1152,0.8599,2023-02-10 00:23:57.570199,2023-02-10 00:24:34.990327,0 days 00:00:37.420128,64,1000,48,0.00375,0.0,PRUNED
1153,1153,0.8602,2023-02-10 00:24:35.017949,2023-02-10 00:25:12.504240,0 days 00:00:37.486291,64,2140,43,0.00375,0.0,PRUNED
1154,1154,0.8651,2023-02-10 00:25:12.533315,2023-02-10 00:25:50.455773,0 days 00:00:37.922458,64,1960,46,0.00375,4e-06,PRUNED
1155,1155,0.8604,2023-02-10 00:25:50.479019,2023-02-10 00:26:29.483699,0 days 00:00:39.004680,64,1380,51,0.00375,4e-08,PRUNED
1156,1156,0.8483,2023-02-10 00:26:29.509697,2023-02-10 00:27:05.207304,0 days 00:00:35.697607,128,2200,54,0.00375,4e-07,PRUNED
1157,1157,0.8871,2023-02-10 00:27:05.237880,2023-02-10 00:28:18.965007,0 days 00:01:13.727127,64,2280,44,0.00375,0.0,PRUNED
1158,1158,0.6009,2023-02-10 00:28:18.988215,2023-02-10 00:28:57.427117,0 days 00:00:38.438902,64,1840,48,0.15,0.0,PRUNED
1159,1159,0.8598,2023-02-10 00:28:57.451043,2023-02-10 00:29:35.955765,0 days 00:00:38.504722,64,2360,49,0.00375,0.0,PRUNED
1160,1160,0.8865,2023-02-10 00:29:35.980974,2023-02-10 00:33:23.036568,0 days 00:03:47.055594,64,1120,46,0.00375,4e-08,PRUNED
1161,1161,0.8304,2023-02-10 00:33:23.065979,2023-02-10 00:34:04.427700,0 days 00:00:41.361721,64,1080,52,0.00375,0.0,PRUNED
1162,1162,0.5267,2023-02-10 00:34:04.459693,2023-02-10 00:34:41.002516,0 days 00:00:36.542823,512,1180,42,0.00375,0.0,PRUNED
1163,1163,,2023-02-10 00:34:41.034928,2023-02-10 00:34:52.837354,0 days 00:00:11.802426,64,1280,50,0.00375,4e-08,FAIL
