,number,value,datetime_start,datetime_complete,duration,params_batch_size,params_hidden,params_leave_layers,params_lr,params_weight_decay,state
182,182,0.8437,2023-02-08 15:05:07.604088,2023-02-08 15:11:07.649361,0 days 00:06:00.045273,64,2060,100,0.00375,0.0,PRUNED
183,183,0.84,2023-02-08 15:09:37.814818,2023-02-08 15:13:24.355402,0 days 00:03:46.540584,64,2200,50,0.00375,0.0,PRUNED
184,184,0.8851,2023-02-08 15:11:07.693832,2023-02-08 16:06:20.728891,0 days 00:55:13.035059,64,2280,53,0.00375,0.0,PRUNED
185,185,0.9065,2023-02-08 15:11:30.137569,2023-02-08 16:06:04.240172,0 days 00:54:34.102603,64,1160,50,0.00375,0.0,COMPLETE
186,186,0.8532,2023-02-08 15:13:24.401331,2023-02-08 15:17:15.974222,0 days 00:03:51.572891,64,1280,53,0.00375,0.0,PRUNED
187,187,0.8642,2023-02-08 15:17:16.027141,2023-02-08 15:25:04.029392,0 days 00:07:48.002251,64,1160,57,0.00375,0.0,PRUNED
188,188,0.9169,2023-02-08 15:25:04.067900,2023-02-08 16:15:13.119035,0 days 00:50:09.051135,64,1180,46,0.00375,0.0,COMPLETE
189,189,0.9054,2023-02-08 15:28:21.509324,2023-02-08 16:18:10.074298,0 days 00:49:48.564974,64,2000,46,0.00375,0.0,COMPLETE
190,190,0.9063,2023-02-08 15:45:47.029749,2023-02-08 16:28:17.497479,0 days 00:42:30.467730,64,2280,50,0.00375,4e-08,COMPLETE
191,191,0.9078,2023-02-08 15:47:29.747524,2023-02-08 16:29:31.836681,0 days 00:42:02.089157,64,2080,50,0.00375,4e-08,COMPLETE
192,192,0.8314,2023-02-08 15:57:35.006821,2023-02-08 16:33:11.945674,0 days 00:35:36.938853,4,2300,51,0.00375,4e-08,PRUNED
193,193,0.7838,2023-02-08 16:06:04.290555,2023-02-08 16:37:47.635889,0 days 00:31:43.345334,4,2280,53,0.00375,4e-08,PRUNED
194,194,0.4419,2023-02-08 16:06:20.767502,2023-02-08 16:39:21.411584,0 days 00:33:00.644082,4,2080,47,0.075,4e-08,PRUNED
195,195,0.3114,2023-02-08 16:15:13.166023,2023-02-08 16:45:13.813854,0 days 00:30:00.647831,4,2720,46,0.075,4e-08,PRUNED
196,196,0.8152,2023-02-08 16:18:10.118221,2023-02-08 16:50:39.511430,0 days 00:32:29.393209,4,2760,47,0.00375,4e-08,PRUNED
197,197,0.8519,2023-02-08 16:28:17.534188,2023-02-08 16:30:13.270021,0 days 00:01:55.735833,64,2060,46,0.00375,4e-08,PRUNED
198,198,0.8118,2023-02-08 16:29:31.883217,2023-02-08 17:07:58.729272,0 days 00:38:26.846055,4,2820,46,0.00375,4e-08,PRUNED
199,199,0.3504,2023-02-08 16:30:13.328870,2023-02-08 17:11:07.617790,0 days 00:40:54.288920,4,2740,53,0.075,4e-08,PRUNED
200,200,0.3027,2023-02-08 16:33:12.006068,2023-02-08 16:35:36.903872,0 days 00:02:24.897804,64,2740,88,0.075,4e-08,PRUNED
201,201,0.843,2023-02-08 16:35:36.964397,2023-02-08 16:37:31.971730,0 days 00:01:55.007333,64,1020,47,0.00375,4e-08,PRUNED
202,202,0.8578,2023-02-08 16:37:32.036855,2023-02-08 16:42:26.807129,0 days 00:04:54.770274,64,2380,53,0.00375,4e-08,PRUNED
203,203,0.7535,2023-02-08 16:37:47.700953,2023-02-08 16:38:43.611749,0 days 00:00:55.910796,256,2920,48,0.00375,4e-08,PRUNED
204,204,0.8757,2023-02-08 16:38:43.674467,2023-02-08 16:42:59.401715,0 days 00:04:15.727248,64,2180,45,0.00375,0.0,PRUNED
205,205,0.8489,2023-02-08 16:39:21.474469,2023-02-08 16:41:40.597493,0 days 00:02:19.123024,64,2380,45,0.00375,0.0,PRUNED
206,206,0.9054,2023-02-08 16:41:40.650843,2023-02-08 17:31:07.940269,0 days 00:49:27.289426,64,2180,44,0.00375,0.0,COMPLETE
207,207,0.9057,2023-02-08 16:42:26.853141,2023-02-08 17:29:40.313751,0 days 00:47:13.460610,64,1180,45,0.00375,0.0,COMPLETE
208,208,0.869,2023-02-08 16:42:59.460751,2023-02-08 16:47:48.557786,0 days 00:04:49.097035,64,2560,43,0.00375,0.0,PRUNED
209,209,0.9052,2023-02-08 16:45:13.865689,2023-02-08 17:33:39.934464,0 days 00:48:26.068775,64,1180,43,0.00375,0.0,COMPLETE
210,210,0.8681,2023-02-08 16:47:48.598455,2023-02-08 16:53:36.357417,0 days 00:05:47.758962,64,1180,49,0.00375,4e-06,PRUNED
211,211,0.6714,2023-02-08 16:50:39.586418,2023-02-08 16:53:52.241581,0 days 00:03:12.655163,64,1180,49,0.115,4e-06,PRUNED
212,212,0.8341,2023-02-08 16:53:36.428149,2023-02-08 16:55:29.131004,0 days 00:01:52.702855,128,1200,51,0.00375,0.0,PRUNED
213,213,0.8363,2023-02-08 16:53:52.297740,2023-02-08 16:55:58.955150,0 days 00:02:06.657410,128,1260,52,0.00375,0.0,PRUNED
214,214,0.8516,2023-02-08 16:55:29.195528,2023-02-08 16:58:21.858423,0 days 00:02:52.662895,64,2460,42,0.00375,0.0,PRUNED
215,215,0.6897,2023-02-08 16:55:59.030273,2023-02-08 16:58:59.754550,0 days 00:03:00.724277,64,1080,42,0.15,0.0,PRUNED
216,216,0.9086,2023-02-08 16:58:21.926913,2023-02-08 17:48:11.924333,0 days 00:49:49.997420,64,1100,45,0.00375,0.0,COMPLETE
217,217,0.8549,2023-02-08 16:58:59.825239,2023-02-08 17:02:03.194306,0 days 00:03:03.369067,64,1260,45,0.00375,0.0,PRUNED
218,218,0.9069,2023-02-08 17:02:03.244031,2023-02-08 17:56:04.297308,0 days 00:54:01.053277,64,1220,48,0.00375,0.0,COMPLETE
219,219,0.907,2023-02-08 17:07:58.786076,2023-02-08 18:02:41.990342,0 days 00:54:43.204266,64,2140,48,0.00375,0.0,COMPLETE
220,220,0.9053,2023-02-08 17:11:07.675084,2023-02-08 18:05:55.665595,0 days 00:54:47.990511,64,1220,49,0.00375,0.0,COMPLETE
221,221,0.8369,2023-02-08 17:29:40.356552,2023-02-08 17:33:16.643277,0 days 00:03:36.286725,64,1340,48,0.00375,0.0,PRUNED
222,222,0.8286,2023-02-08 17:31:07.969707,2023-02-08 17:43:54.811796,0 days 00:12:46.842089,16,1220,48,0.00375,0.0,PRUNED
223,223,0.8459,2023-02-08 17:33:16.683829,2023-02-08 17:45:13.418325,0 days 00:11:56.734496,16,1220,49,0.00375,0.0,PRUNED
224,224,0.9054,2023-02-08 17:33:39.986667,2023-02-08 18:27:35.709122,0 days 00:53:55.722455,64,1240,49,0.00375,0.0,COMPLETE
225,225,0.8106,2023-02-08 17:43:54.869935,2023-02-08 17:47:55.408052,0 days 00:04:00.538117,64,2140,55,0.00375,0.0,PRUNED
226,226,0.9052,2023-02-08 17:45:13.456695,2023-02-08 18:42:50.188129,0 days 00:57:36.731434,64,1300,56,0.00375,0.0,COMPLETE
227,227,0.9077,2023-02-08 17:47:55.457198,2023-02-08 18:49:52.950770,0 days 01:01:57.493572,64,1260,57,0.00375,0.0,COMPLETE
228,228,0.9111,2023-02-08 17:48:11.946335,2023-02-08 18:43:50.309794,0 days 00:55:38.363459,64,1240,51,0.00375,0.0,COMPLETE
229,229,0.9072,2023-02-08 17:56:04.331652,2023-02-08 18:56:23.169672,0 days 01:00:18.838020,64,1300,56,0.00375,0.0,COMPLETE
230,230,0.8789,2023-02-08 18:02:42.041643,2023-02-08 18:18:39.576160,0 days 00:15:57.534517,64,1300,57,0.00375,0.0,PRUNED
231,231,0.842,2023-02-08 18:05:55.814552,2023-02-08 18:09:51.668242,0 days 00:03:55.853690,64,1400,56,0.00375,0.0,PRUNED
232,232,0.9114,2023-02-08 18:09:51.737823,2023-02-08 19:06:58.646409,0 days 00:57:06.908586,64,1280,51,0.00375,0.0,COMPLETE
233,233,0.9072,2023-02-08 18:18:39.607351,2023-02-08 19:16:28.260946,0 days 00:57:48.653595,64,1260,51,0.00375,0.0,COMPLETE
234,234,0.9049,2023-02-08 18:27:35.731350,2023-02-08 19:24:26.482484,0 days 00:56:50.751134,64,1120,51,0.00375,0.0,COMPLETE
235,235,0.9064,2023-02-08 18:42:50.230411,2023-02-08 19:39:30.512351,0 days 00:56:40.281940,64,2640,51,0.00375,0.0,COMPLETE
236,236,0.8571,2023-02-08 18:43:50.335363,2023-02-08 18:47:34.895868,0 days 00:03:44.560505,64,1160,52,0.00375,0.0,PRUNED
237,237,0.9064,2023-02-08 18:47:34.935773,2023-02-08 19:44:10.283694,0 days 00:56:35.347921,64,1140,51,0.00375,0.0,COMPLETE
238,238,0.906,2023-02-08 18:49:52.991923,2023-02-08 19:49:53.152672,0 days 01:00:00.160749,64,2000,51,0.00375,0.0,COMPLETE
239,239,0.8725,2023-02-08 18:56:23.210278,2023-02-08 19:04:10.990861,0 days 00:07:47.780583,64,1140,51,0.00375,0.0,PRUNED
240,240,0.8595,2023-02-08 19:04:11.042752,2023-02-08 19:08:08.040663,0 days 00:03:56.997911,64,1980,54,0.00375,0.0,PRUNED
241,241,0.8826,2023-02-08 19:06:58.706375,2023-02-08 19:14:37.098155,0 days 00:07:38.391780,64,2100,51,0.00375,0.0,PRUNED
242,242,0.8604,2023-02-08 19:08:08.086639,2023-02-08 19:12:02.768368,0 days 00:03:54.681729,64,2100,51,0.00375,0.0,PRUNED
243,243,0.8605,2023-02-08 19:12:02.816706,2023-02-08 19:15:58.591780,0 days 00:03:55.775074,64,1140,51,0.00375,0.0,PRUNED
244,244,0.9091,2023-02-08 19:14:37.156019,2023-02-08 20:15:32.323038,0 days 01:00:55.167019,64,2020,47,0.00375,0.0,COMPLETE
245,245,0.9002,2023-02-08 19:15:58.632964,2023-02-08 20:19:16.285682,0 days 01:03:17.652718,64,2020,47,0.00375,0.0,COMPLETE
246,246,0.8675,2023-02-08 19:16:28.294808,2023-02-08 19:24:27.836439,0 days 00:07:59.541631,64,1900,54,0.00375,0.0,PRUNED
247,247,0.8457,2023-02-08 19:24:26.523281,2023-02-08 19:28:35.767014,0 days 00:04:09.243733,64,2020,54,0.00375,4e-05,PRUNED
248,248,,2023-02-08 19:24:27.908627,,,64,1220,47,0.00375,0.0,RUNNING
249,249,0.905,2023-02-08 19:28:35.805124,2023-02-08 20:31:51.005725,0 days 01:03:15.200601,64,1340,46,0.00375,0.0,COMPLETE
250,250,0.9076,2023-02-08 19:39:30.554442,2023-02-08 20:42:05.148289,0 days 01:02:34.593847,64,1220,47,0.00375,0.0,COMPLETE
251,251,0.5424,2023-02-08 19:44:10.321844,2023-02-08 19:47:51.687474,0 days 00:03:41.365630,64,1220,46,0.115,0.0,PRUNED
252,252,0.8764,2023-02-08 19:47:51.729439,2023-02-08 19:55:18.704063,0 days 00:07:26.974624,64,1260,47,0.00375,0.0,PRUNED
253,253,0.8726,2023-02-08 19:49:53.198046,2023-02-08 19:58:09.259571,0 days 00:08:16.061525,64,1260,47,0.00375,0.0,PRUNED
254,254,0.8144,2023-02-08 19:55:18.745111,2023-02-08 19:56:39.764820,0 days 00:01:21.019709,256,1340,47,0.00375,0.0,PRUNED
255,255,0.4975,2023-02-08 19:56:39.806517,2023-02-08 20:00:31.370680,0 days 00:03:51.564163,64,1180,49,0.15,0.0,PRUNED
256,256,0.8195,2023-02-08 19:58:09.314024,2023-02-08 20:02:03.564374,0 days 00:03:54.250350,64,1200,44,0.00375,0.0,PRUNED
257,257,,2023-02-08 20:00:31.409181,,,64,1200,44,0.00375,0.0,RUNNING
258,258,0.852,2023-02-08 20:02:03.633973,2023-02-08 20:07:24.006945,0 days 00:05:20.372972,64,1200,46,0.00375,0.0,PRUNED
259,259,0.8789,2023-02-08 20:07:24.034740,2023-02-08 20:17:59.853189,0 days 00:10:35.818449,64,2200,44,0.00375,0.0,PRUNED
260,260,0.8567,2023-02-08 20:15:32.359683,2023-02-08 20:20:28.796443,0 days 00:04:56.436760,64,2060,49,0.00375,0.0,PRUNED
261,261,0.7747,2023-02-08 20:17:59.904298,2023-02-08 20:19:08.644342,0 days 00:01:08.740044,512,2080,53,0.00375,0.0,PRUNED
262,262,,2023-02-08 20:19:08.696147,,,64,2060,49,0.00375,0.0,RUNNING
263,263,0.8552,2023-02-08 20:19:16.312891,2023-02-08 20:23:49.594190,0 days 00:04:33.281299,64,2040,49,0.00375,0.0,PRUNED
264,264,,2023-02-08 20:20:28.846070,,,64,2140,49,0.00375,0.0,RUNNING
265,265,0.8816,2023-02-08 20:23:49.648309,2023-02-08 20:40:03.897636,0 days 00:16:14.249327,64,2160,53,0.00375,0.0,PRUNED
266,266,0.8755,2023-02-08 20:31:51.050958,2023-02-08 20:38:04.274111,0 days 00:06:13.223153,64,2160,40,0.00375,0.0,PRUNED
267,267,0.8401,2023-02-08 20:38:04.310373,2023-02-08 20:42:28.824125,0 days 00:04:24.513752,64,2120,53,0.00375,0.0,PRUNED
268,268,,2023-02-08 20:40:03.959517,,,64,1940,49,0.00375,0.0,RUNNING
269,269,0.8839,2023-02-08 20:42:05.172438,2023-02-08 20:49:58.882751,0 days 00:07:53.710313,64,2120,43,0.00375,0.0,PRUNED
270,270,0.8429,2023-02-08 20:42:28.868705,2023-02-08 20:47:33.821878,0 days 00:05:04.953173,64,1960,59,0.00375,0.0,PRUNED
271,271,0.8594,2023-02-08 20:47:33.863373,2023-02-08 20:51:25.166472,0 days 00:03:51.303099,64,1280,43,0.00375,4e-08,PRUNED
272,272,0.8624,2023-02-08 20:49:58.906687,2023-02-08 20:55:45.368806,0 days 00:05:46.462119,64,1280,50,0.00375,4e-08,PRUNED
273,273,0.8638,2023-02-08 20:51:25.193206,2023-02-08 21:00:36.233596,0 days 00:09:11.040390,64,2220,50,0.00375,4e-06,PRUNED
274,274,0.8534,2023-02-08 20:55:45.410161,2023-02-08 20:59:18.633896,0 days 00:03:33.223735,64,1040,49,0.00375,4e-06,PRUNED
275,275,,2023-02-08 20:59:18.683903,,,64,1100,49,0.00375,4e-05,RUNNING
276,276,,2023-02-08 21:00:36.276074,,,64,1100,46,0.00375,0.0,RUNNING
277,277,0.9088,2023-02-08 21:03:29.350962,2023-02-08 22:34:28.871029,0 days 01:30:59.520067,64,1100,46,0.00375,0.0,COMPLETE
278,278,0.8532,2023-02-08 21:03:29.383542,2023-02-08 21:11:37.270147,0 days 00:08:07.886605,64,1240,45,0.00375,0.0,PRUNED
279,279,0.9094,2023-02-08 21:03:29.405692,2023-02-08 22:36:21.210545,0 days 01:32:51.804853,64,1520,45,0.00375,0.0,COMPLETE
280,280,0.8488,2023-02-08 21:03:29.425776,2023-02-08 21:17:49.352298,0 days 00:14:19.926522,64,1520,46,0.00375,0.0,PRUNED
281,281,0.9093,2023-02-08 21:03:29.446414,2023-02-08 22:37:14.375288,0 days 01:33:44.928874,64,1100,45,0.00375,0.0,COMPLETE
282,282,0.8834,2023-02-08 21:03:29.467859,2023-02-08 21:18:48.481111,0 days 00:15:19.013252,64,1520,45,0.00375,0.0,PRUNED
283,283,0.911,2023-02-08 21:03:29.488302,2023-02-08 22:35:11.112954,0 days 01:31:41.624652,64,1160,46,0.00375,0.0,COMPLETE
284,284,0.8771,2023-02-08 21:03:29.514669,2023-02-08 21:18:51.952100,0 days 00:15:22.437431,64,1100,45,0.00375,0.0,PRUNED
285,285,0.8586,2023-02-08 21:11:37.346872,2023-02-08 21:20:08.160461,0 days 00:08:30.813589,64,1080,48,0.00375,4e-05,PRUNED
286,286,0.8629,2023-02-08 21:17:49.377919,2023-02-08 21:27:29.509754,0 days 00:09:40.131835,64,1100,54,0.00375,0.0,PRUNED
287,287,0.828,2023-02-08 21:18:48.545660,2023-02-08 21:22:36.235067,0 days 00:03:47.689407,256,1160,48,0.00375,4e-05,PRUNED
288,288,0.7511,2023-02-08 21:18:51.989051,2023-02-08 21:22:37.058986,0 days 00:03:45.069935,256,1140,54,0.00375,0.0,PRUNED
289,289,0.1046,2023-02-08 21:20:08.193236,2023-02-08 21:23:47.186951,0 days 00:03:38.993715,256,1160,54,0.115,0.0,PRUNED
290,290,0.5926,2023-02-08 21:22:36.273870,2023-02-08 21:30:50.855377,0 days 00:08:14.581507,64,1220,54,0.15,0.0,PRUNED
291,291,0.5609,2023-02-08 21:22:37.102228,2023-02-08 21:30:44.701219,0 days 00:08:07.598991,64,2080,52,0.115,0.0,PRUNED
292,292,0.4933,2023-02-08 21:23:47.222552,2023-02-08 21:31:47.237016,0 days 00:08:00.014464,64,1220,52,0.15,0.0,PRUNED
293,293,0.8767,2023-02-08 21:27:29.536499,2023-02-08 21:40:51.987191,0 days 00:13:22.450692,64,1200,52,0.00375,0.0,PRUNED
294,294,,2023-02-08 21:30:44.748774,,,64,1220,42,0.00375,4e-08,RUNNING
295,295,0.8375,2023-02-08 21:30:50.883531,2023-02-08 21:35:13.502684,0 days 00:04:22.619153,128,2520,49,0.00375,4e-08,PRUNED
296,296,0.8418,2023-02-08 21:31:47.294057,2023-02-08 21:36:20.228241,0 days 00:04:32.934184,128,1180,49,0.00375,4e-08,PRUNED
297,297,0.8564,2023-02-08 21:35:13.536997,2023-02-08 21:53:20.913570,0 days 00:18:07.376573,16,1300,41,0.00375,0.0,PRUNED
298,298,0.8305,2023-02-08 21:36:20.257870,2023-02-08 21:54:40.943429,0 days 00:18:20.685559,16,1380,41,0.00375,0.0,PRUNED
299,299,0.8549,2023-02-08 21:40:52.043894,2023-02-08 21:58:05.255880,0 days 00:17:13.211986,16,1900,42,0.00375,0.0,PRUNED
300,300,0.8613,2023-02-08 21:53:20.941506,2023-02-08 22:00:09.895516,0 days 00:06:48.954010,64,1880,47,0.00375,0.0,PRUNED
301,301,0.8422,2023-02-08 21:54:41.157329,2023-02-08 22:01:50.842432,0 days 00:07:09.685103,64,1920,47,0.00375,0.0,PRUNED
302,302,0.738,2023-02-08 21:58:05.318763,2023-02-08 21:59:46.377121,0 days 00:01:41.058358,512,1260,47,0.00375,0.0,PRUNED
303,303,0.8836,2023-02-08 21:59:46.429032,2023-02-08 22:12:52.932615,0 days 00:13:06.503583,64,1620,50,0.00375,0.0,PRUNED
304,304,0.8557,2023-02-08 22:00:09.950486,2023-02-08 22:06:58.797806,0 days 00:06:48.847320,64,2040,50,0.00375,0.0,PRUNED
305,305,0.8734,2023-02-08 22:01:50.871491,2023-02-08 22:15:27.139615,0 days 00:13:36.268124,64,1760,50,0.00375,0.0,PRUNED
306,306,0.9005,2023-02-08 22:06:58.826974,2023-02-08 23:12:40.777895,0 days 01:05:41.950921,64,2560,44,0.00375,0.0,COMPLETE
307,307,0.8601,2023-02-08 22:12:52.965536,2023-02-08 22:19:23.258819,0 days 00:06:30.293283,64,2200,44,0.00375,0.0,PRUNED
308,308,0.8784,2023-02-08 22:15:27.186453,2023-02-08 22:28:30.294294,0 days 00:13:03.107841,64,2200,45,0.00375,4e-08,PRUNED
309,309,0.8542,2023-02-08 22:19:23.295485,2023-02-08 22:30:56.787347,0 days 00:11:33.491862,64,1320,52,0.00375,4e-08,PRUNED
310,310,0.8556,2023-02-08 22:28:30.381856,2023-02-08 22:32:29.245325,0 days 00:03:58.863469,64,2120,52,0.00375,0.0,PRUNED
311,311,0.6861,2023-02-08 22:30:56.831237,2023-02-08 22:34:51.423572,0 days 00:03:54.592335,64,2140,56,0.075,0.0,PRUNED
312,312,0.66,2023-02-08 22:32:29.294547,2023-02-08 22:36:19.089923,0 days 00:03:49.795376,64,1960,48,0.075,0.0,PRUNED
313,313,0.7042,2023-02-08 22:34:28.914112,2023-02-08 22:38:17.266812,0 days 00:03:48.352700,64,1240,48,0.075,0.0,PRUNED
314,314,0.8755,2023-02-08 22:34:51.613506,2023-02-08 22:42:24.421114,0 days 00:07:32.807608,64,1240,48,0.00375,0.0,PRUNED
315,315,0.8474,2023-02-08 22:35:11.178248,2023-02-08 22:39:01.835693,0 days 00:03:50.657445,64,1000,48,0.00375,0.0,PRUNED
316,316,0.8755,2023-02-08 22:36:19.132737,2023-02-08 22:43:34.185183,0 days 00:07:15.052446,64,2420,38,0.00375,0.0,PRUNED
317,317,0.8488,2023-02-08 22:36:21.255604,2023-02-08 22:40:06.843880,0 days 00:03:45.588276,64,1700,39,0.00375,0.0,PRUNED
318,318,0.8743,2023-02-08 22:37:14.432299,2023-02-08 22:44:56.557672,0 days 00:07:42.125373,64,1700,43,0.00375,0.0,PRUNED
319,319,0.8748,2023-02-08 22:38:17.306065,2023-02-08 22:45:35.579606,0 days 00:07:18.273541,64,1020,42,0.00375,0.0,PRUNED
320,320,0.9056,2023-02-08 22:39:02.016560,2023-02-08 23:34:41.714380,0 days 00:55:39.697820,64,1740,44,0.00375,0.0,COMPLETE
321,321,0.8729,2023-02-08 22:40:06.876699,2023-02-08 22:47:51.773996,0 days 00:07:44.897297,64,1440,43,0.00375,4e-08,PRUNED
322,322,0.8794,2023-02-08 22:42:24.476454,2023-02-08 22:49:52.440301,0 days 00:07:27.963847,64,1180,43,0.00375,4e-08,PRUNED
323,323,0.9036,2023-02-08 22:43:34.232834,2023-02-08 23:41:29.821027,0 days 00:57:55.588193,64,2680,43,0.00375,4e-08,COMPLETE
324,324,0.8843,2023-02-08 22:44:56.636901,2023-02-08 22:53:13.378063,0 days 00:08:16.741162,64,2680,43,0.00375,4e-08,PRUNED
325,325,0.8414,2023-02-08 22:45:35.618993,2023-02-08 22:49:21.804874,0 days 00:03:46.185881,64,1160,44,0.00375,4e-08,PRUNED
326,326,0.9137,2023-02-08 22:47:51.807887,2023-02-08 23:45:59.348749,0 days 00:58:07.540862,64,1160,50,0.00375,0.0,COMPLETE
327,327,,2023-02-08 22:49:21.878379,,,64,1180,50,0.00375,0.0,RUNNING
328,328,0.7844,2023-02-08 22:49:52.484590,2023-02-08 22:50:54.888838,0 days 00:01:02.404248,512,2600,50,0.00375,0.0,PRUNED
329,329,0.8835,2023-02-08 22:50:54.958076,2023-02-08 22:58:20.868111,0 days 00:07:25.910035,64,1280,46,0.00375,0.0,PRUNED
330,330,0.8499,2023-02-08 22:53:13.436190,2023-02-08 22:57:08.667650,0 days 00:03:55.231460,64,1140,46,0.00375,0.0,PRUNED
331,331,0.8602,2023-02-08 22:57:08.701189,2023-02-08 23:01:09.490700,0 days 00:04:00.789511,64,2260,50,0.00375,0.0,PRUNED
332,332,0.9101,2023-02-08 22:58:20.953274,2023-02-08 23:54:50.078873,0 days 00:56:29.125599,64,1180,50,0.00375,4e-06,COMPLETE
333,333,0.835,2023-02-08 23:01:09.559504,2023-02-08 23:05:10.381664,0 days 00:04:00.822160,64,2320,50,0.00375,0.0,PRUNED
334,334,0.8471,2023-02-08 23:05:10.449878,2023-02-08 23:10:42.503530,0 days 00:05:32.053652,64,1200,80,0.00375,4e-06,PRUNED
335,335,0.8633,2023-02-08 23:10:42.558290,2023-02-08 23:14:50.315121,0 days 00:04:07.756831,64,2080,52,0.00375,4e-05,PRUNED
336,336,0.856,2023-02-08 23:12:40.844930,2023-02-08 23:16:36.626861,0 days 00:03:55.781931,64,1320,53,0.00375,0.0,PRUNED
337,337,0.8636,2023-02-08 23:14:50.370398,2023-02-08 23:18:46.455907,0 days 00:03:56.085509,64,1640,49,0.00375,0.0,PRUNED
338,338,0.8604,2023-02-08 23:16:36.671912,2023-02-08 23:20:28.427065,0 days 00:03:51.755153,64,1180,49,0.00375,0.0,PRUNED
339,339,0.9082,2023-02-08 23:18:46.502893,2023-02-09 00:16:16.364237,0 days 00:57:29.861344,64,1060,46,0.00375,0.0,COMPLETE
340,340,0.5637,2023-02-08 23:20:28.477472,2023-02-08 23:24:18.816330,0 days 00:03:50.338858,64,2160,46,0.115,0.0,PRUNED
341,341,0.851,2023-02-08 23:24:18.872274,2023-02-08 23:28:11.868598,0 days 00:03:52.996324,64,1060,51,0.00375,0.0,PRUNED
342,342,0.8537,2023-02-08 23:28:11.946046,2023-02-08 23:32:02.174224,0 days 00:03:50.228178,64,1220,47,0.00375,0.0,PRUNED
343,343,0.6755,2023-02-08 23:32:02.213293,2023-02-08 23:35:50.178232,0 days 00:03:47.964939,64,1140,45,0.15,0.0,PRUNED
344,344,0.5958,2023-02-08 23:34:41.767209,2023-02-08 23:38:46.065438,0 days 00:04:04.298229,64,1560,48,0.15,0.0,PRUNED
345,345,0.8623,2023-02-08 23:35:50.237810,2023-02-08 23:38:09.599482,0 days 00:02:19.361672,128,1260,55,0.00375,0.0,PRUNED
346,346,0.8751,2023-02-08 23:38:09.652083,2023-02-08 23:45:03.162347,0 days 00:06:53.510264,64,1800,41,0.00375,0.0,PRUNED
347,347,0.8487,2023-02-08 23:38:46.151249,2023-02-08 23:42:40.027468,0 days 00:03:53.876219,64,2100,52,0.00375,0.0,PRUNED
348,348,0.8601,2023-02-08 23:41:29.881298,2023-02-08 23:45:07.833623,0 days 00:03:37.952325,64,1380,52,0.00375,0.0,PRUNED
349,349,0.9041,2023-02-08 23:42:40.092524,2023-02-09 00:50:01.206308,0 days 01:07:21.113784,64,1360,50,0.00375,0.0,COMPLETE
350,350,0.8585,2023-02-08 23:45:03.221206,2023-02-08 23:52:25.290798,0 days 00:07:22.069592,64,2880,50,0.00375,0.0,PRUNED
351,351,0.8188,2023-02-08 23:45:07.891100,2023-02-08 23:46:15.882614,0 days 00:01:07.991514,512,1200,50,0.00375,0.0,PRUNED
352,352,0.687,2023-02-08 23:45:59.375381,2023-02-08 23:47:03.641808,0 days 00:01:04.266427,512,1140,50,0.00375,0.0,PRUNED
353,353,0.8622,2023-02-08 23:46:15.908234,2023-02-08 23:50:05.362226,0 days 00:03:49.453992,64,1120,54,0.00375,0.0,PRUNED
354,354,0.8505,2023-02-08 23:47:03.698614,2023-02-08 23:50:21.884716,0 days 00:03:18.186102,64,2480,54,0.00375,0.0,PRUNED
355,355,0.9094,2023-02-08 23:50:05.402911,2023-02-09 01:04:49.249393,0 days 01:14:43.846482,64,1180,48,0.00375,4e-06,COMPLETE
356,356,0.9072,2023-02-08 23:50:21.950820,2023-02-09 01:02:56.544513,0 days 01:12:34.593693,64,1240,48,0.00375,4e-06,COMPLETE
357,357,0.9032,2023-02-08 23:52:25.353867,2023-02-09 01:05:47.620231,0 days 01:13:22.266364,64,1240,48,0.00375,4e-08,COMPLETE
358,358,0.9072,2023-02-08 23:54:50.127197,2023-02-09 01:06:26.178332,0 days 01:11:36.051135,64,1080,48,0.00375,4e-06,COMPLETE
359,359,0.8474,2023-02-09 00:16:16.394062,2023-02-09 00:23:17.079018,0 days 00:07:00.684956,64,1180,71,0.00375,4e-06,PRUNED
360,360,0.8358,2023-02-09 00:23:17.162865,2023-02-09 00:29:14.904122,0 days 00:05:57.741257,64,1120,52,0.00375,4e-08,PRUNED
361,361,0.8577,2023-02-09 00:29:14.976868,2023-02-09 00:35:05.391016,0 days 00:05:50.414148,64,1160,48,0.00375,4e-06,PRUNED
362,362,0.8611,2023-02-09 00:35:05.451968,2023-02-09 00:41:10.733881,0 days 00:06:05.281913,64,1220,56,0.00375,4e-06,PRUNED
363,363,0.7321,2023-02-09 00:41:10.775560,2023-02-09 00:47:09.230101,0 days 00:05:58.454541,64,2140,51,0.0125,4e-06,PRUNED
