,number,value,datetime_start,datetime_complete,duration,params_batch_size,params_hidden,params_leave_layers,params_lr,params_weight_decay,state
364,364,0.856,2023-02-09 00:47:09.274165,2023-02-09 00:59:28.419197,0 days 00:12:19.145032,64,2220,49,0.00375,4e-06,PRUNED
365,365,0.0837,2023-02-09 00:50:01.260565,2023-02-09 00:52:25.310559,0 days 00:02:24.049994,256,2220,58,0.00375,4e-06,PRUNED
366,366,0.8613,2023-02-09 00:52:25.347651,2023-02-09 00:58:04.898153,0 days 00:05:39.550502,64,1100,48,0.00375,4e-06,PRUNED
367,367,0.1945,2023-02-09 00:58:04.930619,2023-02-09 01:03:17.163689,0 days 00:05:12.233070,64,1180,53,0.115,4e-05,PRUNED
368,368,0.2101,2023-02-09 00:59:28.484919,2023-02-09 01:28:08.209608,0 days 00:28:39.724689,4,1180,53,0.115,4e-08,PRUNED
369,369,0.1179,2023-02-09 01:02:56.602721,2023-02-09 01:29:01.372955,0 days 00:26:04.770234,4,1180,53,0.115,4e-05,PRUNED
370,370,0.8061,2023-02-09 01:03:17.232368,2023-02-09 01:29:12.975705,0 days 00:25:55.743337,4,1280,55,0.00375,4e-08,PRUNED
371,371,0.8186,2023-02-09 01:04:49.290848,2023-02-09 01:31:51.675842,0 days 00:27:02.384994,4,2060,55,0.00375,4e-08,PRUNED
372,372,0.717,2023-02-09 01:05:47.660978,2023-02-09 01:31:08.730284,0 days 00:25:21.069306,4,1280,55,0.00375,0.0,PRUNED
373,373,0.8841,2023-02-09 01:06:26.243425,2023-02-09 01:10:30.076584,0 days 00:04:03.833159,64,1280,55,0.00375,0.0,PRUNED
374,374,0.6401,2023-02-09 01:10:30.148190,2023-02-09 01:33:40.016934,0 days 00:23:09.868744,4,2180,52,0.00375,0.0,PRUNED
375,375,0.8507,2023-02-09 01:28:08.285158,2023-02-09 01:36:45.534414,0 days 00:08:37.249256,16,2180,51,0.00375,0.0,PRUNED
376,376,0.8541,2023-02-09 01:29:01.447429,2023-02-09 01:30:37.735895,0 days 00:01:36.288466,128,2060,51,0.00375,0.0,PRUNED
377,377,0.8616,2023-02-09 01:29:13.035689,2023-02-09 01:37:52.978737,0 days 00:08:39.943048,16,2060,51,0.00375,0.0,PRUNED
378,378,0.8821,2023-02-09 01:30:37.812011,2023-02-09 01:34:43.039433,0 days 00:04:05.227422,64,2180,51,0.00375,0.0,PRUNED
379,379,0.9075,2023-02-09 01:31:08.789948,2023-02-09 02:10:11.892096,0 days 00:39:03.102148,64,2100,46,0.00375,0.0,COMPLETE
380,380,0.8565,2023-02-09 01:31:51.747191,2023-02-09 01:41:11.487980,0 days 00:09:19.740789,16,2160,46,0.00375,0.0,PRUNED
381,381,0.9051,2023-02-09 01:33:40.066560,2023-02-09 02:12:51.521237,0 days 00:39:11.454677,64,2340,46,0.00375,0.0,COMPLETE
382,382,0.8572,2023-02-09 01:34:43.118592,2023-02-09 01:37:02.547373,0 days 00:02:19.428781,64,2100,47,0.00375,0.0,PRUNED
383,383,0.8452,2023-02-09 01:36:45.611751,2023-02-09 01:39:34.842506,0 days 00:02:49.230755,64,2100,46,0.00375,0.0,PRUNED
384,384,,2023-02-09 01:37:02.621742,,,64,2360,46,0.00375,0.0,RUNNING
385,385,0.8313,2023-02-09 01:37:53.051139,2023-02-09 01:40:32.888456,0 days 00:02:39.837317,64,1220,46,0.00375,0.0,PRUNED
386,386,0.5804,2023-02-09 01:39:34.927357,2023-02-09 01:42:07.921820,0 days 00:02:32.994463,64,1120,45,0.075,0.0,PRUNED
387,387,0.6032,2023-02-09 01:40:32.931649,2023-02-09 01:43:14.556142,0 days 00:02:41.624493,64,2340,49,0.075,4e-07,PRUNED
388,388,0.4536,2023-02-09 01:41:11.543875,2023-02-09 01:43:57.645668,0 days 00:02:46.101793,64,1120,40,0.075,4e-07,PRUNED
389,389,0.8848,2023-02-09 01:42:07.969215,2023-02-09 01:47:37.307245,0 days 00:05:29.338030,64,2340,49,0.00375,0.0,PRUNED
390,390,0.8562,2023-02-09 01:43:14.596688,2023-02-09 01:45:50.552751,0 days 00:02:35.956063,64,1980,41,0.00375,0.0,PRUNED
391,391,0.8286,2023-02-09 01:43:57.692437,2023-02-09 01:46:47.969246,0 days 00:02:50.276809,64,1140,49,0.00375,0.0,PRUNED
392,392,0.78,2023-02-09 01:45:50.606728,2023-02-09 01:48:32.730968,0 days 00:02:42.124240,64,1060,50,0.0125,0.0,PRUNED
393,393,0.8823,2023-02-09 01:46:48.026926,2023-02-09 01:52:28.853090,0 days 00:05:40.826164,64,1040,50,0.00375,0.0,PRUNED
394,394,0.771,2023-02-09 01:47:37.353909,2023-02-09 01:50:21.078345,0 days 00:02:43.724436,64,2260,45,0.0125,0.0,PRUNED
395,395,0.8516,2023-02-09 01:48:32.782841,2023-02-09 01:51:10.740245,0 days 00:02:37.957404,64,1880,44,0.00375,0.0,PRUNED
396,396,0.8359,2023-02-09 01:50:21.134524,2023-02-09 01:53:10.346455,0 days 00:02:49.211931,64,1240,53,0.00375,0.0,PRUNED
397,397,0.8723,2023-02-09 01:51:10.783111,2023-02-09 01:56:47.492480,0 days 00:05:36.709369,64,1220,53,0.00375,4e-08,PRUNED
398,398,0.4746,2023-02-09 01:52:28.885443,2023-02-09 01:55:24.705452,0 days 00:02:55.820009,64,2440,53,0.15,4e-08,PRUNED
399,399,0.844,2023-02-09 01:53:10.400966,2023-02-09 01:55:57.642772,0 days 00:02:47.241806,64,1200,47,0.00375,4e-08,PRUNED
400,400,0.8348,2023-02-09 01:55:24.736483,2023-02-09 01:58:13.593421,0 days 00:02:48.856938,64,1200,48,0.00375,0.0,PRUNED
401,401,0.9056,2023-02-09 01:55:57.691463,2023-02-09 02:54:43.808509,0 days 00:58:46.117046,64,1160,42,0.00375,0.0,COMPLETE
402,402,0.9112,2023-02-09 01:56:47.541986,2023-02-09 02:58:51.305055,0 days 01:02:03.763069,64,1320,57,0.00375,0.0,COMPLETE
403,403,0.7228,2023-02-09 01:58:13.646731,2023-02-09 01:59:34.379540,0 days 00:01:20.732809,256,1160,57,0.00375,0.0,PRUNED
404,404,0.8611,2023-02-09 01:59:34.424476,2023-02-09 02:02:20.140174,0 days 00:02:45.715698,64,1320,42,0.00375,0.0,PRUNED
405,405,0.874,2023-02-09 02:02:20.198101,2023-02-09 02:08:02.673647,0 days 00:05:42.475546,64,1780,51,0.00375,0.0,PRUNED
406,406,0.9084,2023-02-09 02:08:02.722962,2023-02-09 03:18:08.744528,0 days 01:10:06.021566,64,2120,46,0.00375,0.0,COMPLETE
407,407,0.8231,2023-02-09 02:10:11.930233,2023-02-09 02:11:47.995856,0 days 00:01:36.065623,128,2140,37,0.00375,0.0,PRUNED
408,408,0.9044,2023-02-09 02:11:48.041021,2023-02-09 03:21:22.590192,0 days 01:09:34.549171,64,2020,44,0.00375,0.0,COMPLETE
409,409,0.8868,2023-02-09 02:12:51.576646,2023-02-09 03:22:11.099445,0 days 01:09:19.522799,64,1260,44,0.00375,0.0,PRUNED
410,410,0.8499,2023-02-09 02:54:43.845214,2023-02-09 03:01:19.324012,0 days 00:06:35.478798,64,1240,97,0.00375,0.0,PRUNED
411,411,,2023-02-09 02:58:51.351757,,,64,1320,56,0.00375,0.0,RUNNING
412,412,0.7681,2023-02-09 03:01:19.398560,2023-02-09 03:02:58.440820,0 days 00:01:39.042260,512,1320,58,0.00375,0.0,PRUNED
413,413,0.8591,2023-02-09 03:02:58.484184,2023-02-09 03:08:02.275054,0 days 00:05:03.790870,64,1280,56,0.00375,0.0,PRUNED
414,414,0.8543,2023-02-09 03:08:02.322301,2023-02-09 03:13:03.186108,0 days 00:05:00.863807,64,2000,52,0.00375,0.0,PRUNED
415,415,0.8672,2023-02-09 03:13:03.242600,2023-02-09 03:47:15.829300,0 days 00:34:12.586700,64,1300,54,0.00375,4e-05,PRUNED
416,416,0.8655,2023-02-09 03:18:08.784139,2023-02-09 03:23:19.585651,0 days 00:05:10.801512,64,2540,54,0.00375,4e-05,PRUNED
417,417,0.8631,2023-02-09 03:21:22.619896,2023-02-09 03:25:45.342430,0 days 00:04:22.722534,64,1260,58,0.00375,4e-05,PRUNED
418,418,0.8322,2023-02-09 03:22:11.143595,2023-02-09 03:26:21.731564,0 days 00:04:10.587969,64,1340,61,0.00375,4e-05,PRUNED
419,419,0.873,2023-02-09 03:23:19.654283,2023-02-09 03:31:27.557535,0 days 00:08:07.903252,64,2400,62,0.00375,4e-08,PRUNED
420,420,0.7922,2023-02-09 03:25:45.393344,2023-02-09 03:29:44.029465,0 days 00:03:58.636121,64,1940,61,0.00375,4e-08,PRUNED
421,421,0.9034,2023-02-09 03:26:21.779997,2023-02-09 04:03:21.009795,0 days 00:36:59.229798,64,1860,50,0.00375,4e-08,COMPLETE
422,422,0.5043,2023-02-09 03:29:44.064018,2023-02-09 03:33:42.773325,0 days 00:03:58.709307,64,1840,63,0.15,0.0,PRUNED
423,423,0.584,2023-02-09 03:31:27.614365,2023-02-09 03:35:24.177488,0 days 00:03:56.563123,64,1140,50,0.15,0.0,PRUNED
424,424,,2023-02-09 03:33:42.807497,,,64,1120,50,0.00375,0.0,RUNNING
425,425,0.8488,2023-02-09 03:35:24.212359,2023-02-09 03:39:18.419419,0 days 00:03:54.207060,64,1300,49,0.00375,0.0,PRUNED
426,426,0.8487,2023-02-09 03:39:18.444014,2023-02-09 03:42:54.083571,0 days 00:03:35.639557,64,1080,52,0.00375,0.0,PRUNED
427,427,0.7265,2023-02-09 03:42:54.126383,2023-02-09 03:43:53.780222,0 days 00:00:59.653839,256,2480,50,0.00375,0.0,PRUNED
428,428,0.8602,2023-02-09 03:43:53.819321,2023-02-09 03:46:11.701024,0 days 00:02:17.881703,64,1200,54,0.00375,4e-06,PRUNED
429,429,0.8524,2023-02-09 03:46:11.741449,2023-02-09 03:48:38.349436,0 days 00:02:26.607987,64,1240,59,0.00375,0.0,PRUNED
430,430,0.8719,2023-02-09 03:47:15.865241,2023-02-09 03:51:37.505969,0 days 00:04:21.640728,64,1000,48,0.00375,0.0,PRUNED
431,431,0.9083,2023-02-09 03:48:38.383297,2023-02-09 04:15:40.678829,0 days 00:27:02.295532,64,2240,48,0.00375,0.0,COMPLETE
432,432,0.8323,2023-02-09 03:51:37.556464,2023-02-09 03:53:08.149987,0 days 00:01:30.593523,64,2300,4,0.00375,0.0,PRUNED
433,433,0.8564,2023-02-09 03:53:08.182691,2023-02-09 03:54:48.367353,0 days 00:01:40.184662,64,2140,51,0.00375,0.0,PRUNED
434,434,0.8829,2023-02-09 03:54:48.416672,2023-02-09 03:57:05.439588,0 days 00:02:17.022916,128,2040,56,0.00375,4e-08,PRUNED
435,435,0.9103,2023-02-09 03:57:05.484842,2023-02-09 04:21:43.908363,0 days 00:24:38.423521,64,2220,48,0.00375,0.0,COMPLETE
436,436,0.9064,2023-02-09 04:03:21.040638,2023-02-09 04:27:45.478199,0 days 00:24:24.437561,64,2780,47,0.00375,0.0,COMPLETE
437,437,0.8337,2023-02-09 04:15:40.714889,2023-02-09 04:17:24.820661,0 days 00:01:44.105772,64,1100,52,0.00375,0.0,PRUNED
438,438,0.907,2023-02-09 04:17:24.861028,2023-02-09 04:43:05.345596,0 days 00:25:40.484568,64,1140,47,0.00375,0.0,COMPLETE
439,439,0.7763,2023-02-09 04:21:43.937171,2023-02-09 04:22:26.669144,0 days 00:00:42.731973,512,2200,47,0.00375,0.0,PRUNED
440,440,0.8538,2023-02-09 04:22:26.710717,2023-02-09 04:24:04.920137,0 days 00:01:38.209420,64,2220,47,0.00375,0.0,PRUNED
441,441,0.8843,2023-02-09 04:24:04.957615,2023-02-09 04:27:23.346225,0 days 00:03:18.388610,64,2160,49,0.00375,0.0,PRUNED
442,442,0.8715,2023-02-09 04:27:23.383665,2023-02-09 04:30:40.090649,0 days 00:03:16.706984,64,2120,45,0.00375,0.0,PRUNED
443,443,0.8677,2023-02-09 04:27:45.517977,2023-02-09 04:29:20.436194,0 days 00:01:34.918217,64,2240,44,0.00375,0.0,PRUNED
444,444,0.5603,2023-02-09 04:29:20.473005,2023-02-09 04:30:58.719469,0 days 00:01:38.246464,64,2120,52,0.115,0.0,PRUNED
445,445,0.7963,2023-02-09 04:30:40.128932,2023-02-09 04:32:19.460389,0 days 00:01:39.331457,64,2180,51,0.0125,0.0,PRUNED
446,446,0.9042,2023-02-09 04:30:58.754059,2023-02-09 04:53:33.933174,0 days 00:22:35.179115,64,2200,49,0.00375,4e-07,COMPLETE
447,447,0.8242,2023-02-09 04:32:19.497551,2023-02-09 04:33:58.708700,0 days 00:01:39.211149,64,2280,49,0.00375,0.0,PRUNED
448,448,0.8025,2023-02-09 04:33:58.750266,2023-02-09 04:37:24.067551,0 days 00:03:25.317285,64,1400,55,0.00375,4e-07,PRUNED
449,449,0.8805,2023-02-09 04:37:24.106841,2023-02-09 04:40:41.298215,0 days 00:03:17.191374,64,2080,47,0.00375,0.0,PRUNED
450,450,0.8723,2023-02-09 04:40:41.343366,2023-02-09 04:43:50.145844,0 days 00:03:08.802478,64,1800,39,0.00375,0.0,PRUNED
451,451,0.8081,2023-02-09 04:43:05.378797,2023-02-09 04:44:49.773779,0 days 00:01:44.394982,64,2160,53,0.00375,0.0,PRUNED
452,452,0.854,2023-02-09 04:43:50.182896,2023-02-09 04:45:30.725258,0 days 00:01:40.542362,64,2200,53,0.00375,0.0,PRUNED
453,453,0.8785,2023-02-09 04:44:49.807377,2023-02-09 04:48:07.994935,0 days 00:03:18.187558,64,1220,49,0.00375,0.0,PRUNED
454,454,0.5328,2023-02-09 04:45:30.758716,2023-02-09 04:46:23.241360,0 days 00:00:52.482644,256,2080,49,0.00375,0.0,PRUNED
455,455,0.842,2023-02-09 04:46:23.271363,2023-02-09 04:50:27.520899,0 days 00:04:04.249536,16,1240,43,0.00375,0.0,PRUNED
456,456,0.8305,2023-02-09 04:48:08.036846,2023-02-09 04:52:27.542455,0 days 00:04:19.505609,16,2280,44,0.00375,4e-08,PRUNED
457,457,0.8521,2023-02-09 04:50:27.560594,2023-02-09 04:51:51.799750,0 days 00:01:24.239156,64,2960,57,0.00375,4e-08,PRUNED
458,458,0.8684,2023-02-09 04:51:51.844977,2023-02-09 04:55:14.963262,0 days 00:03:23.118285,64,1660,45,0.00375,0.0,PRUNED
459,459,0.8674,2023-02-09 04:52:27.590173,2023-02-09 04:54:10.193133,0 days 00:01:42.602960,64,1300,51,0.00375,0.0,PRUNED
460,460,0.904,2023-02-09 04:53:33.962860,2023-02-09 05:18:26.786268,0 days 00:24:52.823408,64,1340,51,0.00375,0.0,COMPLETE
461,461,0.5404,2023-02-09 04:54:10.233852,2023-02-09 04:55:16.567937,0 days 00:01:06.334085,128,1040,45,0.075,0.0,PRUNED
462,462,0.9076,2023-02-09 04:55:15.012416,2023-02-09 05:20:18.677517,0 days 00:25:03.665101,64,1920,47,0.00375,0.0,COMPLETE
463,463,0.8434,2023-02-09 04:55:16.620383,2023-02-09 04:57:02.241935,0 days 00:01:45.621552,64,1360,51,0.00375,0.0,PRUNED
464,464,0.8481,2023-02-09 04:57:02.300683,2023-02-09 04:58:43.844146,0 days 00:01:41.543463,64,2000,47,0.00375,0.0,PRUNED
465,465,0.8638,2023-02-09 04:58:43.885366,2023-02-09 05:00:23.167344,0 days 00:01:39.281978,64,1160,41,0.00375,0.0,PRUNED
466,466,0.7506,2023-02-09 05:00:23.208748,2023-02-09 05:02:08.365158,0 days 00:01:45.156410,64,1200,55,0.0125,0.0,PRUNED
467,467,0.7898,2023-02-09 05:02:08.404105,2023-02-09 05:02:52.136677,0 days 00:00:43.732572,512,1260,52,0.00375,0.0,PRUNED
468,468,0.4788,2023-02-09 05:02:52.190645,2023-02-09 05:04:33.000484,0 days 00:01:40.809839,64,1920,47,0.115,0.0,PRUNED
469,469,0.8838,2023-02-09 05:04:33.035802,2023-02-09 05:07:59.938379,0 days 00:03:26.902577,64,2640,49,0.00375,4e-08,PRUNED
470,470,0.8268,2023-02-09 05:07:59.978624,2023-02-09 05:09:45.780140,0 days 00:01:45.801516,64,1760,59,0.00375,0.0,PRUNED
471,471,0.861,2023-02-09 05:09:45.815558,2023-02-09 05:11:29.802508,0 days 00:01:43.986950,64,2040,54,0.00375,0.0,PRUNED
472,472,0.8794,2023-02-09 05:11:29.836156,2023-02-09 05:14:53.258022,0 days 00:03:23.421866,64,2140,50,0.00375,0.0,PRUNED
473,473,0.5655,2023-02-09 05:14:53.294202,2023-02-09 05:16:32.914419,0 days 00:01:39.620217,64,2580,42,0.15,0.0,PRUNED
474,474,0.9039,2023-02-09 05:16:32.941908,2023-02-09 05:41:45.740923,0 days 00:25:12.799015,64,1100,46,0.00375,0.0,COMPLETE
475,475,0.905,2023-02-09 05:18:26.816020,2023-02-09 05:42:37.667188,0 days 00:24:10.851168,64,2100,46,0.00375,4e-08,COMPLETE
476,476,0.9066,2023-02-09 05:20:18.718125,2023-02-09 05:44:54.730019,0 days 00:24:36.011894,64,1200,45,0.00375,4e-08,COMPLETE
477,477,0.8744,2023-02-09 05:41:45.785629,2023-02-09 05:45:14.138288,0 days 00:03:28.352659,64,1720,53,0.00375,4e-08,PRUNED
478,478,0.8678,2023-02-09 05:42:37.707085,2023-02-09 05:44:16.278731,0 days 00:01:38.571646,64,1720,53,0.00375,0.0,PRUNED
479,479,0.849,2023-02-09 05:44:16.315251,2023-02-09 05:46:16.511672,0 days 00:02:00.196421,64,1280,56,0.00375,0.0,PRUNED
480,480,0.8663,2023-02-09 05:44:54.771058,2023-02-09 05:46:55.209341,0 days 00:02:00.438283,64,1280,49,0.00375,0.0,PRUNED
481,481,0.7752,2023-02-09 05:45:14.176788,2023-02-09 05:46:04.125868,0 days 00:00:49.949080,256,1280,49,0.00375,0.0,PRUNED
482,482,0.847,2023-02-09 05:46:04.155616,2023-02-09 05:47:53.009709,0 days 00:01:48.854093,64,2240,56,0.00375,0.0,PRUNED
483,483,0.8665,2023-02-09 05:46:16.550986,2023-02-09 05:47:52.588577,0 days 00:01:36.037591,64,1160,48,0.00375,0.0,PRUNED
484,484,0.8566,2023-02-09 05:46:55.256029,2023-02-09 05:48:21.619160,0 days 00:01:26.363131,64,1600,43,0.00375,0.0,PRUNED
485,485,,2023-02-09 05:47:52.634302,,,64,2240,43,0.075,0.0,RUNNING
486,486,0.7269,2023-02-09 05:47:53.042765,2023-02-09 05:49:14.627379,0 days 00:01:21.584614,64,2060,43,0.075,0.0,PRUNED
487,487,0.112,2023-02-09 05:48:21.654597,2023-02-09 05:49:17.292576,0 days 00:00:55.637979,128,1460,76,0.075,0.0,PRUNED
488,488,0.8806,2023-02-09 05:49:14.668952,2023-02-09 05:51:36.618536,0 days 00:02:21.949584,64,1220,51,0.00375,0.0,PRUNED
489,489,0.8716,2023-02-09 05:49:17.340261,2023-02-09 05:51:29.185130,0 days 00:02:11.844869,64,1220,50,0.00375,0.0,PRUNED
490,490,0.8563,2023-02-09 05:51:29.228494,2023-02-09 05:52:37.458785,0 days 00:01:08.230291,64,2160,52,0.00375,0.0,PRUNED
491,491,0.8533,2023-02-09 05:51:36.655541,2023-02-09 05:52:56.823795,0 days 00:01:20.168254,64,2400,52,0.00375,0.0,PRUNED
492,492,0.8395,2023-02-09 05:52:37.488379,2023-02-09 05:53:18.085756,0 days 00:00:40.597377,512,2380,48,0.00375,0.0,PRUNED
493,493,0.909,2023-02-09 05:52:56.865242,2023-02-09 06:10:24.578488,0 days 00:17:27.713246,64,1120,48,0.00375,0.0,COMPLETE
494,494,0.7376,2023-02-09 05:53:18.129657,2023-02-09 05:54:40.478252,0 days 00:01:22.348595,64,1140,85,0.0125,4e-07,PRUNED
495,495,0.8755,2023-02-09 05:54:40.504351,2023-02-09 05:56:53.109330,0 days 00:02:12.604979,64,1080,46,0.00375,0.0,PRUNED
496,496,0.8683,2023-02-09 05:56:53.138121,2023-02-09 05:58:01.143821,0 days 00:01:08.005700,64,1180,48,0.00375,4e-08,PRUNED
497,497,0.6186,2023-02-09 05:58:01.190836,2023-02-09 05:59:09.549925,0 days 00:01:08.359089,64,2140,54,0.115,0.0,PRUNED
498,498,0.8504,2023-02-09 05:59:09.588747,2023-02-09 06:00:15.132471,0 days 00:01:05.543724,64,1980,40,0.00375,0.0,PRUNED
499,499,0.5488,2023-02-09 06:00:15.159677,2023-02-09 06:01:23.295882,0 days 00:01:08.136205,64,2100,50,0.15,0.0,PRUNED
500,500,0.9081,2023-02-09 06:01:23.322730,2023-02-09 06:17:45.148256,0 days 00:16:21.825526,64,1120,45,0.00375,0.0,COMPLETE
501,501,0.8702,2023-02-09 06:10:24.605585,2023-02-09 06:12:41.394594,0 days 00:02:16.789009,64,1240,45,0.00375,0.0,PRUNED
502,502,0.8608,2023-02-09 06:12:41.423601,2023-02-09 06:13:52.400365,0 days 00:01:10.976764,64,2200,51,0.00375,0.0,PRUNED
503,503,0.908,2023-02-09 06:13:52.432896,2023-02-09 06:31:38.152986,0 days 00:17:45.720090,64,1880,57,0.00375,4e-08,COMPLETE
504,504,0.8793,2023-02-09 06:17:45.180673,2023-02-09 06:20:01.539642,0 days 00:02:16.358969,64,2260,54,0.00375,0.0,PRUNED
505,505,0.8447,2023-02-09 06:20:01.574418,2023-02-09 06:20:53.362738,0 days 00:00:51.788320,64,1320,15,0.00375,4e-08,PRUNED
506,506,0.8413,2023-02-09 06:20:53.396479,2023-02-09 06:23:34.564414,0 days 00:02:41.167935,16,1880,47,0.00375,0.0,PRUNED
507,507,0.4439,2023-02-09 06:23:34.596357,2023-02-09 06:24:17.766702,0 days 00:00:43.170345,256,2520,57,0.00375,0.0,PRUNED
508,508,0.8441,2023-02-09 06:24:17.802373,2023-02-09 06:25:25.312545,0 days 00:01:07.510172,64,1240,50,0.00375,0.0,PRUNED
509,509,0.869,2023-02-09 06:25:25.346016,2023-02-09 06:26:33.343340,0 days 00:01:07.997324,64,1180,52,0.00375,4e-08,PRUNED
510,510,0.8701,2023-02-09 06:26:33.377047,2023-02-09 06:28:42.980165,0 days 00:02:09.603118,64,1040,43,0.00375,0.0,PRUNED
511,511,0.8581,2023-02-09 06:28:43.013451,2023-02-09 06:29:50.023409,0 days 00:01:07.009958,64,2060,47,0.00375,0.0,PRUNED
512,512,0.885,2023-02-09 06:29:50.068571,2023-02-09 06:32:02.696285,0 days 00:02:12.627714,64,2120,49,0.00375,0.0,PRUNED
513,513,0.8681,2023-02-09 06:31:38.185022,2023-02-09 06:32:47.557993,0 days 00:01:09.372971,64,2120,49,0.00375,0.0,PRUNED
514,514,0.866,2023-02-09 06:32:02.728460,2023-02-09 06:33:16.916787,0 days 00:01:14.188327,64,1160,51,0.00375,4e-05,PRUNED
515,515,0.83,2023-02-09 06:32:47.583384,2023-02-09 06:33:38.631931,0 days 00:00:51.048547,128,1160,44,0.00375,4e-05,PRUNED
516,516,0.8458,2023-02-09 06:33:16.948969,2023-02-09 06:34:30.213600,0 days 00:01:13.264631,64,1820,54,0.00375,0.0,PRUNED
517,517,0.8563,2023-02-09 06:33:38.668898,2023-02-09 06:34:45.803329,0 days 00:01:07.134431,64,1800,54,0.00375,0.0,PRUNED
518,518,0.749,2023-02-09 06:34:30.256321,2023-02-09 06:41:32.691160,0 days 00:07:02.434839,4,2700,46,0.00375,0.0,PRUNED
519,519,0.5844,2023-02-09 06:34:45.841247,2023-02-09 06:35:36.806147,0 days 00:00:50.964900,64,2320,47,0.115,0.0,PRUNED
520,520,0.8332,2023-02-09 06:35:36.844696,2023-02-09 06:43:19.408381,0 days 00:07:42.563685,4,1240,45,0.00375,0.0,PRUNED
521,521,0.413,2023-02-09 06:41:32.726430,2023-02-09 06:42:08.443652,0 days 00:00:35.717222,512,2020,42,0.0125,4e-07,PRUNED
522,522,0.8601,2023-02-09 06:42:08.473331,2023-02-09 06:43:00.121367,0 days 00:00:51.648036,64,2180,52,0.00375,0.0,PRUNED
523,523,0.8117,2023-02-09 06:43:00.155228,2023-02-09 06:44:04.876553,0 days 00:01:04.721325,64,1200,60,0.00375,0.0,PRUNED
524,524,0.8429,2023-02-09 06:43:19.449953,2023-02-09 06:44:29.100930,0 days 00:01:09.650977,64,1200,50,0.00375,0.0,PRUNED
525,525,0.5463,2023-02-09 06:44:04.912248,2023-02-09 06:45:12.315966,0 days 00:01:07.403718,64,1300,49,0.15,4e-08,PRUNED
526,526,0.5727,2023-02-09 06:44:29.152676,2023-02-09 06:45:39.448892,0 days 00:01:10.296216,64,1260,48,0.15,4e-08,PRUNED
527,527,0.8646,2023-02-09 06:45:12.347209,2023-02-09 06:46:20.476950,0 days 00:01:08.129741,64,1260,52,0.00375,0.0,PRUNED
528,528,0.8672,2023-02-09 06:45:39.481114,2023-02-09 06:46:50.488272,0 days 00:01:11.007158,64,1420,51,0.00375,0.0,PRUNED
529,529,0.8656,2023-02-09 06:46:20.506720,2023-02-09 06:47:29.341057,0 days 00:01:08.834337,64,1420,55,0.00375,0.0,PRUNED
530,530,0.9044,2023-02-09 06:46:50.527129,2023-02-09 07:04:19.229542,0 days 00:17:28.702413,64,1080,55,0.00375,0.0,COMPLETE
531,531,0.8289,2023-02-09 06:47:29.384664,2023-02-09 06:48:36.594398,0 days 00:01:07.209734,64,2220,46,0.00375,0.0,PRUNED
532,532,0.8703,2023-02-09 06:48:36.636856,2023-02-09 06:50:46.450954,0 days 00:02:09.814098,64,2160,39,0.00375,0.0,PRUNED
533,533,0.8658,2023-02-09 06:50:46.480370,2023-02-09 06:51:52.853272,0 days 00:01:06.372902,64,1960,44,0.00375,0.0,PRUNED
534,534,0.8469,2023-02-09 06:51:52.880733,2023-02-09 06:54:35.323096,0 days 00:02:42.442363,16,2060,48,0.00375,0.0,PRUNED
535,535,0.8585,2023-02-09 06:54:35.361413,2023-02-09 06:55:43.066308,0 days 00:01:07.704895,64,1120,50,0.00375,0.0,PRUNED
536,536,0.7759,2023-02-09 06:55:43.093151,2023-02-09 06:56:22.959547,0 days 00:00:39.866396,256,2840,41,0.00375,0.0,PRUNED
537,537,0.6351,2023-02-09 06:56:22.985178,2023-02-09 06:57:30.892891,0 days 00:01:07.907713,64,1080,53,0.075,0.0,PRUNED
538,538,0.8603,2023-02-09 06:57:30.918810,2023-02-09 06:58:38.229521,0 days 00:01:07.310711,64,2280,47,0.00375,4e-08,PRUNED
539,539,0.8538,2023-02-09 06:58:38.261782,2023-02-09 06:59:46.445291,0 days 00:01:08.183509,64,1000,50,0.00375,0.0,PRUNED
540,540,0.8528,2023-02-09 06:59:46.471426,2023-02-09 07:00:53.236752,0 days 00:01:06.765326,64,1340,44,0.00375,0.0,PRUNED
541,541,0.8377,2023-02-09 07:00:53.270800,2023-02-09 07:02:01.201253,0 days 00:01:07.930453,64,1200,52,0.00375,0.0,PRUNED
542,542,0.8084,2023-02-09 07:02:01.235722,2023-02-09 07:02:50.914902,0 days 00:00:49.679180,128,2080,56,0.00375,0.0,PRUNED
543,543,0.8527,2023-02-09 07:02:50.950474,2023-02-09 07:03:57.422641,0 days 00:01:06.472167,64,2440,48,0.00375,0.0,PRUNED
