,number,value,datetime_start,datetime_complete,duration,params_batch_size,params_hidden,params_leave_layers,params_lr,params_weight_decay,state
899,899,0.8768,2023-02-09 16:36:44.155133,2023-02-09 16:37:58.766286,0 days 00:01:14.611153,64,1060,45,0.00375,0.0,PRUNED
900,900,0.8827,2023-02-09 16:37:58.798688,2023-02-09 16:39:14.887924,0 days 00:01:16.089236,64,1060,48,0.00375,4e-05,PRUNED
901,901,0.8051,2023-02-09 16:39:14.919271,2023-02-09 16:39:48.857042,0 days 00:00:33.937771,256,1000,40,0.00375,0.0,PRUNED
902,902,0.8297,2023-02-09 16:39:48.878973,2023-02-09 16:44:48.490244,0 days 00:04:59.611271,4,1080,43,0.00375,0.0,PRUNED
903,903,0.8682,2023-02-09 16:44:48.522602,2023-02-09 16:45:25.842864,0 days 00:00:37.320262,64,1020,46,0.00375,0.0,PRUNED
904,904,0.8797,2023-02-09 16:45:25.869780,2023-02-09 16:46:42.520677,0 days 00:01:16.650897,64,1100,50,0.00375,0.0,PRUNED
905,905,0.9134,2023-02-09 16:46:42.543225,2023-02-09 16:56:05.492132,0 days 00:09:22.948907,64,1040,47,0.00375,0.0,COMPLETE
906,906,0.9092,2023-02-09 16:56:05.526634,2023-02-09 17:05:26.131812,0 days 00:09:20.605178,64,1000,47,0.00375,0.0,COMPLETE
907,907,0.608,2023-02-09 17:05:26.159879,2023-02-09 17:06:03.196081,0 days 00:00:37.036202,64,1060,45,0.075,0.0,PRUNED
908,908,0.9104,2023-02-09 17:06:03.328252,2023-02-09 17:15:24.941214,0 days 00:09:21.612962,64,1000,48,0.00375,0.0,COMPLETE
909,909,0.8315,2023-02-09 17:15:24.970605,2023-02-09 17:15:59.224610,0 days 00:00:34.254005,128,1060,43,0.00375,0.0,PRUNED
910,910,0.8643,2023-02-09 17:15:59.249491,2023-02-09 17:17:12.832537,0 days 00:01:13.583046,64,1040,46,0.00375,4e-06,PRUNED
911,911,0.8862,2023-02-09 17:17:12.857656,2023-02-09 17:18:27.273596,0 days 00:01:14.415940,64,1100,49,0.00375,0.0,PRUNED
912,912,0.8552,2023-02-09 17:18:27.299757,2023-02-09 17:19:03.873934,0 days 00:00:36.574177,64,1040,44,0.00375,0.0,PRUNED
913,913,0.8383,2023-02-09 17:19:03.896275,2023-02-09 17:19:41.430877,0 days 00:00:37.534602,64,1080,47,0.0125,0.0,PRUNED
914,914,0.7197,2023-02-09 17:19:41.455039,2023-02-09 17:20:14.125482,0 days 00:00:32.670443,512,1040,29,0.00375,0.0,PRUNED
915,915,0.8538,2023-02-09 17:20:14.158875,2023-02-09 17:20:50.432412,0 days 00:00:36.273537,64,1120,41,0.00375,0.0,PRUNED
916,916,0.5753,2023-02-09 17:20:50.460504,2023-02-09 17:21:27.983203,0 days 00:00:37.522699,64,1100,49,0.115,0.0,PRUNED
917,917,0.8475,2023-02-09 17:21:28.012527,2023-02-09 17:22:04.707363,0 days 00:00:36.694836,64,1000,45,0.00375,0.0,PRUNED
918,918,0.905,2023-02-09 17:22:04.735741,2023-02-09 17:31:26.916652,0 days 00:09:22.180911,64,1080,50,0.00375,0.0,COMPLETE
919,919,0.8669,2023-02-09 17:31:26.947687,2023-02-09 17:32:04.877564,0 days 00:00:37.929877,64,1040,47,0.00375,0.0,PRUNED
920,920,0.8828,2023-02-09 17:32:04.904191,2023-02-09 17:33:18.656486,0 days 00:01:13.752295,64,1100,43,0.00375,4e-05,PRUNED
921,921,0.9089,2023-02-09 17:33:18.684543,2023-02-09 17:42:35.432298,0 days 00:09:16.747755,64,1120,49,0.00375,0.0,COMPLETE
922,922,0.8488,2023-02-09 17:42:35.455735,2023-02-09 17:43:12.941039,0 days 00:00:37.485304,64,1140,46,0.00375,0.0,PRUNED
923,923,0.628,2023-02-09 17:43:12.967403,2023-02-09 17:43:50.181255,0 days 00:00:37.213852,64,1040,48,0.15,0.0,PRUNED
924,924,0.8432,2023-02-09 17:43:50.210366,2023-02-09 17:45:26.555247,0 days 00:01:36.344881,16,1140,51,0.00375,0.0,PRUNED
925,925,0.8797,2023-02-09 17:45:26.577413,2023-02-09 17:46:40.338855,0 days 00:01:13.761442,64,2280,45,0.00375,0.0,PRUNED
926,926,0.872,2023-02-09 17:46:40.366559,2023-02-09 17:47:17.195809,0 days 00:00:36.829250,64,2140,42,0.00375,0.0,PRUNED
927,927,0.8873,2023-02-09 17:47:17.223698,2023-02-09 17:48:31.607352,0 days 00:01:14.383654,64,2220,47,0.00375,0.0,PRUNED
928,928,0.735,2023-02-09 17:48:31.635545,2023-02-09 17:49:06.227937,0 days 00:00:34.592392,256,1080,50,0.00375,4e-06,PRUNED
929,929,0.8724,2023-02-09 17:49:06.257626,2023-02-09 17:49:41.989851,0 days 00:00:35.732225,64,1980,38,0.00375,0.0,PRUNED
930,930,0.8383,2023-02-09 17:49:42.017427,2023-02-09 17:54:34.553693,0 days 00:04:52.536266,4,2100,44,0.00375,0.0,PRUNED
931,931,0.8656,2023-02-09 17:54:34.580096,2023-02-09 17:55:11.712025,0 days 00:00:37.131929,64,1640,47,0.00375,0.0,PRUNED
932,932,0.6677,2023-02-09 17:55:11.751524,2023-02-09 17:55:50.209142,0 days 00:00:38.457618,64,2340,49,0.075,4e-08,PRUNED
933,933,0.8811,2023-02-09 17:55:50.235683,2023-02-09 17:57:06.192833,0 days 00:01:15.957150,64,1000,51,0.00375,0.0,PRUNED
934,934,0.9051,2023-02-09 17:57:06.215410,2023-02-09 18:06:14.065363,0 days 00:09:07.849953,64,2180,45,0.00375,0.0,COMPLETE
935,935,0.8547,2023-02-09 18:06:14.089810,2023-02-09 18:06:48.177058,0 days 00:00:34.087248,128,1140,47,0.00375,4e-08,PRUNED
936,936,0.8658,2023-02-09 18:06:48.204646,2023-02-09 18:07:25.622951,0 days 00:00:37.418305,64,1040,49,0.00375,0.0,PRUNED
937,937,0.8641,2023-02-09 18:07:25.660812,2023-02-09 18:08:02.064411,0 days 00:00:36.403599,64,1080,41,0.00375,0.0,PRUNED
938,938,0.9057,2023-02-09 18:08:02.089911,2023-02-09 18:17:33.915218,0 days 00:09:31.825307,64,2240,52,0.00375,4e-08,COMPLETE
939,939,0.8758,2023-02-09 18:17:33.948917,2023-02-09 18:19:02.130881,0 days 00:01:28.181964,64,2300,43,0.00375,0.0,PRUNED
940,940,0.7634,2023-02-09 18:19:02.156880,2023-02-09 18:19:50.688339,0 days 00:00:48.531459,64,2060,45,0.0125,0.0,PRUNED
941,941,0.8194,2023-02-09 18:19:50.719095,2023-02-09 18:20:35.806434,0 days 00:00:45.087339,512,1140,48,0.00375,4e-08,PRUNED
942,942,0.8663,2023-02-09 18:20:35.834493,2023-02-09 18:21:57.378838,0 days 00:01:21.544345,64,2160,50,0.00375,4e-05,PRUNED
943,943,0.5536,2023-02-09 18:21:57.405879,2023-02-09 18:22:36.869863,0 days 00:00:39.463984,64,1940,46,0.115,0.0,PRUNED
944,944,0.8801,2023-02-09 18:22:36.901530,2023-02-09 18:24:12.962917,0 days 00:01:36.061387,64,2020,52,0.00375,0.0,PRUNED
945,945,0.8659,2023-02-09 18:24:12.994983,2023-02-09 18:25:00.363785,0 days 00:00:47.368802,64,1120,48,0.00375,0.0,PRUNED
946,946,0.8547,2023-02-09 18:25:00.393258,2023-02-09 18:25:49.064999,0 days 00:00:48.671741,64,2120,50,0.00375,4e-08,PRUNED
947,947,0.8539,2023-02-09 18:25:49.092655,2023-02-09 18:26:36.887681,0 days 00:00:47.795026,64,2200,44,0.00375,0.0,PRUNED
948,948,0.5855,2023-02-09 18:26:36.912701,2023-02-09 18:27:24.156420,0 days 00:00:47.243719,64,1060,40,0.15,0.0,PRUNED
949,949,0.872,2023-02-09 18:27:24.188275,2023-02-09 18:28:12.215555,0 days 00:00:48.027280,64,2340,46,0.00375,4e-08,PRUNED
950,950,0.8835,2023-02-09 18:28:12.244408,2023-02-09 18:29:48.488967,0 days 00:01:36.244559,64,2260,48,0.00375,0.0,PRUNED
951,951,0.8672,2023-02-09 18:29:48.518833,2023-02-09 18:30:37.764631,0 days 00:00:49.245798,64,1160,53,0.00375,0.0,PRUNED
952,952,0.8322,2023-02-09 18:30:37.790120,2023-02-09 18:32:10.207508,0 days 00:01:32.417388,16,1000,43,0.00375,4e-06,PRUNED
953,953,0.8704,2023-02-09 18:32:10.232716,2023-02-09 18:32:58.591619,0 days 00:00:48.358903,64,1100,51,0.00375,4e-08,PRUNED
954,954,0.8527,2023-02-09 18:32:58.624895,2023-02-09 18:33:46.779001,0 days 00:00:48.154106,64,2100,46,0.00375,0.0,PRUNED
955,955,0.8836,2023-02-09 18:33:46.808867,2023-02-09 18:35:22.918582,0 days 00:01:36.109715,64,1040,49,0.00375,0.0,PRUNED
956,956,0.697,2023-02-09 18:35:22.950231,2023-02-09 18:36:07.439674,0 days 00:00:44.489443,256,1160,42,0.00375,0.0,PRUNED
957,957,0.8691,2023-02-09 18:36:07.476633,2023-02-09 18:36:55.956272,0 days 00:00:48.479639,64,1720,48,0.00375,4e-08,PRUNED
958,958,0.6778,2023-02-09 18:36:55.990105,2023-02-09 18:37:43.635094,0 days 00:00:47.644989,64,2180,44,0.075,0.0,PRUNED
959,959,0.8612,2023-02-09 18:37:43.667174,2023-02-09 18:38:31.698160,0 days 00:00:48.030986,64,1080,50,0.00375,0.0,PRUNED
960,960,0.8708,2023-02-09 18:38:31.725370,2023-02-09 18:39:20.973825,0 days 00:00:49.248455,64,2380,52,0.00375,4e-08,PRUNED
961,961,0.8705,2023-02-09 18:39:20.999886,2023-02-09 18:40:08.850958,0 days 00:00:47.851072,64,2240,46,0.00375,0.0,PRUNED
962,962,0.7182,2023-02-09 18:40:08.881425,2023-02-09 18:45:23.580923,0 days 00:05:14.699498,4,2300,48,0.00375,0.0,PRUNED
963,963,0.8437,2023-02-09 18:45:23.608436,2023-02-09 18:46:09.462375,0 days 00:00:45.853939,128,1140,53,0.00375,4e-08,PRUNED
964,964,0.8523,2023-02-09 18:46:09.491304,2023-02-09 18:46:55.988808,0 days 00:00:46.497504,64,1120,45,0.00375,0.0,PRUNED
965,965,0.8709,2023-02-09 18:46:56.027615,2023-02-09 18:48:29.585773,0 days 00:01:33.558158,64,1180,50,0.00375,4e-05,PRUNED
966,966,0.7459,2023-02-09 18:48:29.614781,2023-02-09 18:49:16.558511,0 days 00:00:46.943730,64,1900,47,0.0125,0.0,PRUNED
967,967,0.8699,2023-02-09 18:49:16.583963,2023-02-09 18:49:53.482865,0 days 00:00:36.898902,64,2140,42,0.00375,0.0,PRUNED
968,968,0.8636,2023-02-09 18:49:53.504456,2023-02-09 18:50:32.478771,0 days 00:00:38.974315,64,2040,51,0.00375,4e-08,PRUNED
969,969,0.0998,2023-02-09 18:50:32.508919,2023-02-09 18:51:06.198404,0 days 00:00:33.689485,512,1040,44,0.115,0.0,PRUNED
970,970,0.8429,2023-02-09 18:51:06.223853,2023-02-09 18:51:43.614830,0 days 00:00:37.390977,64,2200,47,0.00375,0.0,PRUNED
971,971,0.7718,2023-02-09 18:51:43.649403,2023-02-09 18:52:22.579728,0 days 00:00:38.930325,64,1080,54,0.00375,4e-08,PRUNED
972,972,0.8531,2023-02-09 18:52:22.603016,2023-02-09 18:53:00.427665,0 days 00:00:37.824649,64,2280,49,0.00375,0.0,PRUNED
973,973,0.6564,2023-02-09 18:53:00.463357,2023-02-09 18:53:36.082264,0 days 00:00:35.618907,64,2100,39,0.15,0.0,PRUNED
974,974,0.8721,2023-02-09 18:53:36.106753,2023-02-09 18:54:13.270256,0 days 00:00:37.163503,64,1180,45,0.00375,4e-08,PRUNED
975,975,0.8801,2023-02-09 18:54:13.292888,2023-02-09 18:55:33.914339,0 days 00:01:20.621451,64,1120,51,0.00375,0.0,PRUNED
976,976,0.8698,2023-02-09 18:55:33.942756,2023-02-09 18:56:22.884222,0 days 00:00:48.941466,64,2340,47,0.00375,0.0,PRUNED
977,977,0.8861,2023-02-09 18:56:22.916891,2023-02-09 18:58:01.124446,0 days 00:01:38.207555,64,2160,49,0.00375,0.0,PRUNED
978,978,0.8876,2023-02-09 18:58:01.154352,2023-02-09 18:59:37.341015,0 days 00:01:36.186663,64,1000,44,0.00375,4e-08,PRUNED
979,979,0.8297,2023-02-09 18:59:37.376772,2023-02-09 19:00:27.820045,0 days 00:00:50.443273,64,2240,52,0.00375,0.0,PRUNED
980,980,0.8584,2023-02-09 19:00:27.845336,2023-02-09 19:01:59.860528,0 days 00:01:32.015192,16,1180,41,0.00375,4e-06,PRUNED
981,981,0.8437,2023-02-09 19:01:59.890775,2023-02-09 19:02:48.701456,0 days 00:00:48.810681,64,1060,47,0.00375,0.0,PRUNED
982,982,0.909,2023-02-09 19:02:48.737935,2023-02-09 19:13:15.162198,0 days 00:10:26.424263,64,2060,50,0.00375,4e-08,COMPLETE
983,983,0.7282,2023-02-09 19:13:15.193723,2023-02-09 19:14:00.332437,0 days 00:00:45.138714,256,1780,54,0.00375,0.0,PRUNED
984,984,0.8626,2023-02-09 19:14:00.362224,2023-02-09 19:14:47.126730,0 days 00:00:46.764506,64,1100,45,0.00375,0.0,PRUNED
985,985,0.3643,2023-02-09 19:14:47.318213,2023-02-09 19:20:15.821933,0 days 00:05:28.503720,4,2220,48,0.075,4e-08,PRUNED
986,986,0.903,2023-02-09 19:20:15.843803,2023-02-09 19:31:57.863827,0 days 00:11:42.020024,64,1140,46,0.00375,0.0,COMPLETE
987,987,0.8353,2023-02-09 19:31:57.897238,2023-02-09 19:32:44.761650,0 days 00:00:46.864412,64,2400,43,0.00375,0.0,PRUNED
988,988,0.8507,2023-02-09 19:32:44.791765,2023-02-09 19:33:32.987933,0 days 00:00:48.196168,64,1180,50,0.00375,0.0,PRUNED
989,989,0.8007,2023-02-09 19:33:33.014883,2023-02-09 19:34:22.229391,0 days 00:00:49.214508,64,2000,52,0.00375,4e-08,PRUNED
990,990,0.8471,2023-02-09 19:34:22.261530,2023-02-09 19:35:06.223081,0 days 00:00:43.961551,128,2120,48,0.00375,4e-05,PRUNED
991,991,0.8059,2023-02-09 19:35:06.263359,2023-02-09 19:35:53.787313,0 days 00:00:47.523954,64,2280,45,0.0125,0.0,PRUNED
992,992,0.8828,2023-02-09 19:35:53.823036,2023-02-09 19:37:15.419462,0 days 00:01:21.596426,64,1040,36,0.00375,0.0,PRUNED
993,993,0.8792,2023-02-09 19:37:15.445417,2023-02-09 19:38:29.301621,0 days 00:01:13.856204,64,2880,49,0.00375,4e-08,PRUNED
994,994,0.6679,2023-02-09 19:38:29.325125,2023-02-09 19:39:05.954983,0 days 00:00:36.629858,64,1100,42,0.115,0.0,PRUNED
995,995,0.8639,2023-02-09 19:39:05.978020,2023-02-09 19:39:44.116710,0 days 00:00:38.138690,64,2320,53,0.00375,0.0,PRUNED
996,996,0.857,2023-02-09 19:39:44.138851,2023-02-09 19:40:22.198662,0 days 00:00:38.059811,64,2160,46,0.00375,4e-08,PRUNED
997,997,0.6541,2023-02-09 19:40:22.223334,2023-02-09 19:40:56.360418,0 days 00:00:34.137084,512,1140,50,0.00375,0.0,PRUNED
998,998,0.8602,2023-02-09 19:40:56.383618,2023-02-09 19:41:33.422403,0 days 00:00:37.038785,64,1200,47,0.00375,0.0,PRUNED
999,999,0.7245,2023-02-09 19:41:33.445413,2023-02-09 19:42:10.382478,0 days 00:00:36.937065,64,1060,44,0.15,0.0,PRUNED
1000,1000,0.9099,2023-02-09 19:42:10.405803,2023-02-09 19:51:36.764270,0 days 00:09:26.358467,64,1160,51,0.00375,4e-08,COMPLETE
1001,1001,0.8679,2023-02-09 19:51:36.788114,2023-02-09 19:52:13.542143,0 days 00:00:36.754029,64,2080,48,0.00375,0.0,PRUNED
1002,1002,0.8749,2023-02-09 19:52:13.571356,2023-02-09 19:53:26.040703,0 days 00:01:12.469347,64,2180,40,0.00375,4e-06,PRUNED
1003,1003,0.9098,2023-02-09 19:53:26.063451,2023-02-09 20:04:39.641965,0 days 00:11:13.578514,64,1000,46,0.00375,0.0,COMPLETE
1004,1004,0.8356,2023-02-09 20:04:39.672649,2023-02-09 20:05:28.838601,0 days 00:00:49.165952,64,2260,53,0.00375,4e-08,PRUNED
1005,1005,0.9068,2023-02-09 20:05:28.860891,2023-02-09 20:16:08.181263,0 days 00:10:39.320372,64,2360,49,0.00375,0.0,COMPLETE
1006,1006,0.8853,2023-02-09 20:16:08.316856,2023-02-09 20:17:21.522490,0 days 00:01:13.205634,64,1100,44,0.00375,0.0,PRUNED
1007,1007,0.8711,2023-02-09 20:17:21.555162,2023-02-09 20:17:59.448703,0 days 00:00:37.893541,64,2220,51,0.00375,4e-08,PRUNED
1008,1008,0.8651,2023-02-09 20:17:59.482877,2023-02-09 20:18:36.889418,0 days 00:00:37.406541,64,2140,47,0.00375,0.0,PRUNED
1009,1009,0.8663,2023-02-09 20:18:36.913368,2023-02-09 20:20:14.969976,0 days 00:01:38.056608,16,1180,55,0.00375,0.0,PRUNED
1010,1010,0.9057,2023-02-09 20:20:15.009411,2023-02-09 20:29:33.012218,0 days 00:09:18.002807,64,1520,49,0.00375,0.0,COMPLETE
1011,1011,0.1681,2023-02-09 20:29:33.039342,2023-02-09 20:30:07.243385,0 days 00:00:34.204043,256,1080,42,0.075,4e-08,PRUNED
1012,1012,0.9076,2023-02-09 20:30:07.274867,2023-02-09 20:39:25.215240,0 days 00:09:17.940373,64,1140,46,0.00375,0.0,COMPLETE
1013,1013,0.7615,2023-02-09 20:39:25.250843,2023-02-09 20:44:58.888795,0 days 00:05:33.637952,4,2420,51,0.00375,0.0,PRUNED
1014,1014,0.8651,2023-02-09 20:44:58.916979,2023-02-09 20:45:37.201291,0 days 00:00:38.284312,64,1200,48,0.00375,4e-08,PRUNED
1015,1015,0.8624,2023-02-09 20:45:37.223891,2023-02-09 20:46:14.968562,0 days 00:00:37.744671,64,1660,44,0.00375,4e-05,PRUNED
1016,1016,0.8659,2023-02-09 20:46:14.994809,2023-02-09 20:46:54.073024,0 days 00:00:39.078215,64,1040,53,0.00375,0.0,PRUNED
1017,1017,0.8308,2023-02-09 20:46:54.095585,2023-02-09 20:47:32.163908,0 days 00:00:38.068323,64,2320,49,0.0125,0.0,PRUNED
1018,1018,0.84,2023-02-09 20:47:32.186418,2023-02-09 20:48:10.435599,0 days 00:00:38.249181,64,2180,46,0.00375,0.0,PRUNED
1019,1019,0.7391,2023-02-09 20:48:10.462180,2023-02-09 20:48:45.645238,0 days 00:00:35.183058,128,2100,51,0.00375,4e-08,PRUNED
1020,1020,0.8618,2023-02-09 20:48:45.667299,2023-02-09 20:49:23.254936,0 days 00:00:37.587637,64,1140,47,0.00375,0.0,PRUNED
1021,1021,0.7175,2023-02-09 20:49:23.277900,2023-02-09 20:49:56.730744,0 days 00:00:33.452844,64,2260,21,0.115,0.0,PRUNED
1022,1022,0.8654,2023-02-09 20:49:56.753891,2023-02-09 20:50:34.099620,0 days 00:00:37.345729,64,1080,43,0.00375,4e-08,PRUNED
1023,1023,0.8455,2023-02-09 20:50:34.132460,2023-02-09 20:51:13.501311,0 days 00:00:39.368851,64,1200,55,0.00375,0.0,PRUNED
1024,1024,0.8655,2023-02-09 20:51:13.527101,2023-02-09 20:51:50.820373,0 days 00:00:37.293272,64,2040,49,0.00375,0.0,PRUNED
1025,1025,0.8119,2023-02-09 20:51:50.851346,2023-02-09 20:52:36.608900,0 days 00:00:45.757554,64,2920,95,0.00375,4e-08,PRUNED
1026,1026,0.6524,2023-02-09 20:52:36.634750,2023-02-09 20:53:11.023480,0 days 00:00:34.388730,512,1120,46,0.00375,0.0,PRUNED
1027,1027,0.8409,2023-02-09 20:53:11.056087,2023-02-09 20:53:49.901315,0 days 00:00:38.845228,64,1920,52,0.00375,0.0,PRUNED
1028,1028,0.6718,2023-02-09 20:53:49.925257,2023-02-09 20:54:26.560160,0 days 00:00:36.634903,64,2200,41,0.15,0.0,PRUNED
1029,1029,0.838,2023-02-09 20:54:26.583153,2023-02-09 20:55:03.870194,0 days 00:00:37.287041,64,1020,44,0.00375,4e-06,PRUNED
1030,1030,0.8627,2023-02-09 20:55:03.891918,2023-02-09 20:55:41.393001,0 days 00:00:37.501083,64,1220,48,0.00375,4e-08,PRUNED
1031,1031,0.8729,2023-02-09 20:55:41.423802,2023-02-09 20:56:19.683312,0 days 00:00:38.259510,64,2300,50,0.00375,0.0,PRUNED
1032,1032,0.8842,2023-02-09 20:56:19.714944,2023-02-09 20:57:33.260080,0 days 00:01:13.545136,64,1100,45,0.00375,0.0,PRUNED
1033,1033,0.8647,2023-02-09 20:57:33.283221,2023-02-09 20:58:08.958948,0 days 00:00:35.675727,64,2080,38,0.00375,4e-08,PRUNED
1034,1034,0.8648,2023-02-09 20:58:08.986206,2023-02-09 20:59:48.879586,0 days 00:01:39.893380,16,2800,53,0.00375,0.0,PRUNED
1035,1035,0.8787,2023-02-09 20:59:48.905617,2023-02-09 21:01:04.173552,0 days 00:01:15.267935,64,1980,48,0.00375,0.0,PRUNED
1036,1036,0.7217,2023-02-09 21:01:04.195269,2023-02-09 21:01:41.793484,0 days 00:00:37.598215,64,2140,43,0.075,4e-08,PRUNED
1037,1037,0.8719,2023-02-09 21:01:41.822486,2023-02-09 21:02:19.680345,0 days 00:00:37.857859,64,1580,50,0.00375,0.0,PRUNED
1038,1038,0.7438,2023-02-09 21:02:19.704809,2023-02-09 21:02:54.194831,0 days 00:00:34.490022,256,1740,46,0.00375,0.0,PRUNED
1039,1039,0.9006,2023-02-09 21:02:54.220542,2023-02-09 21:12:30.354352,0 days 00:09:36.133810,64,1160,51,0.00375,4e-05,COMPLETE
1040,1040,0.8138,2023-02-09 21:12:30.384257,2023-02-09 21:17:45.645409,0 days 00:05:15.261152,4,1060,48,0.00375,0.0,PRUNED
1041,1041,0.8452,2023-02-09 21:17:45.669525,2023-02-09 21:18:17.278952,0 days 00:00:31.609427,64,2220,6,0.00375,4e-08,PRUNED
1042,1042,0.8726,2023-02-09 21:18:17.303184,2023-02-09 21:18:56.670868,0 days 00:00:39.367684,64,1200,54,0.00375,0.0,PRUNED
1043,1043,0.8635,2023-02-09 21:18:56.696278,2023-02-09 21:19:33.888241,0 days 00:00:37.191963,64,2380,45,0.00375,0.0,PRUNED
1044,1044,0.7734,2023-02-09 21:19:33.913588,2023-02-09 21:20:09.989480,0 days 00:00:36.075892,64,1020,41,0.0125,4e-08,PRUNED
1045,1045,0.4671,2023-02-09 21:20:10.019958,2023-02-09 21:20:44.083642,0 days 00:00:34.063684,128,1120,47,0.115,0.0,PRUNED
1046,1046,0.8632,2023-02-09 21:20:44.108846,2023-02-09 21:21:21.630549,0 days 00:00:37.521703,64,2140,50,0.00375,0.0,PRUNED
1047,1047,0.8862,2023-02-09 21:21:21.654130,2023-02-09 21:22:34.725945,0 days 00:01:13.071815,64,1160,43,0.00375,4e-08,PRUNED
1048,1048,0.8585,2023-02-09 21:22:34.755050,2023-02-09 21:23:13.982131,0 days 00:00:39.227081,64,2280,52,0.00375,0.0,PRUNED
1049,1049,0.8366,2023-02-09 21:23:14.003877,2023-02-09 21:23:51.088050,0 days 00:00:37.084173,64,1060,48,0.00375,0.0,PRUNED
1050,1050,0.8675,2023-02-09 21:23:51.123393,2023-02-09 21:24:28.002509,0 days 00:00:36.879116,64,2220,45,0.00375,0.0,PRUNED
1051,1051,0.4369,2023-02-09 21:24:28.025804,2023-02-09 21:25:06.722411,0 days 00:00:38.696607,64,2340,50,0.15,4e-08,PRUNED
1052,1052,0.8696,2023-02-09 21:25:06.750241,2023-02-09 21:25:44.679051,0 days 00:00:37.928810,64,1220,47,0.00375,4e-06,PRUNED
1053,1053,0.8831,2023-02-09 21:25:44.708551,2023-02-09 21:26:59.749554,0 days 00:01:15.041003,64,1100,52,0.00375,0.0,PRUNED
1054,1054,0.8572,2023-02-09 21:26:59.778164,2023-02-09 21:27:37.424319,0 days 00:00:37.646155,64,1180,49,0.00375,0.0,PRUNED
1055,1055,0.8161,2023-02-09 21:27:37.449189,2023-02-09 21:28:12.223792,0 days 00:00:34.774603,512,1000,54,0.00375,4e-08,PRUNED
1056,1056,0.8628,2023-02-09 21:28:12.246407,2023-02-09 21:28:48.684936,0 days 00:00:36.438529,64,2100,45,0.00375,0.0,PRUNED
1057,1057,0.8681,2023-02-09 21:28:48.711306,2023-02-09 21:29:25.033846,0 days 00:00:36.322540,64,2180,42,0.00375,0.0,PRUNED
1058,1058,0.8702,2023-02-09 21:29:25.060289,2023-02-09 21:30:02.290592,0 days 00:00:37.230303,64,1120,47,0.00375,4e-08,PRUNED
1059,1059,0.9066,2023-02-09 21:30:02.314553,2023-02-09 21:39:21.669842,0 days 00:09:19.355289,64,1860,50,0.00375,0.0,COMPLETE
1060,1060,0.8659,2023-02-09 21:39:21.699534,2023-02-09 21:39:57.917017,0 days 00:00:36.217483,64,2260,44,0.00375,0.0,PRUNED
1061,1061,0.9122,2023-02-09 21:39:57.945872,2023-02-09 21:49:03.788928,0 days 00:09:05.843056,64,1220,46,0.00375,0.0,COMPLETE
1062,1062,0.8669,2023-02-09 21:49:03.824655,2023-02-09 21:50:33.316027,0 days 00:01:29.491372,16,1240,40,0.00375,4e-08,PRUNED
1063,1063,0.8594,2023-02-09 21:50:33.343690,2023-02-09 21:51:09.636586,0 days 00:00:36.292896,64,1180,43,0.00375,0.0,PRUNED
1064,1064,0.7885,2023-02-09 21:51:09.661982,2023-02-09 21:51:43.546980,0 days 00:00:33.884998,64,1220,26,0.075,0.0,PRUNED
1065,1065,0.8678,2023-02-09 21:51:43.570446,2023-02-09 21:52:21.149503,0 days 00:00:37.579057,64,1260,45,0.00375,4e-08,PRUNED
1066,1066,0.7862,2023-02-09 21:52:21.174726,2023-02-09 21:52:54.869208,0 days 00:00:33.694482,256,1220,46,0.00375,0.0,PRUNED
1067,1067,0.8081,2023-02-09 21:52:54.894992,2023-02-09 21:53:38.359175,0 days 00:00:43.464183,64,1240,84,0.00375,0.0,PRUNED
1068,1068,0.7684,2023-02-09 21:53:38.386040,2023-02-09 21:58:37.774066,0 days 00:04:59.388026,4,1260,42,0.00375,4e-05,PRUNED
1069,1069,0.7577,2023-02-09 21:58:37.802540,2023-02-09 21:59:16.590692,0 days 00:00:38.788152,64,1280,55,0.0125,4e-08,PRUNED
1070,1070,0.8723,2023-02-09 21:59:16.615703,2023-02-09 21:59:53.111006,0 days 00:00:36.495303,64,1220,49,0.00375,0.0,PRUNED
1071,1071,0.8476,2023-02-09 21:59:53.139509,2023-02-09 22:00:31.115318,0 days 00:00:37.975809,64,1180,52,0.00375,0.0,PRUNED
1072,1072,0.7089,2023-02-09 22:00:31.140617,2023-02-09 22:01:08.344331,0 days 00:00:37.203714,64,1220,48,0.115,0.0,PRUNED
1073,1073,0.8651,2023-02-09 22:01:08.373429,2023-02-09 22:01:45.365337,0 days 00:00:36.991908,64,1280,44,0.00375,4e-08,PRUNED
1074,1074,0.8799,2023-02-09 22:01:45.392121,2023-02-09 22:02:57.139665,0 days 00:01:11.747544,64,2160,39,0.00375,0.0,PRUNED
1075,1075,0.8821,2023-02-09 22:02:57.169293,2023-02-09 22:04:04.579425,0 days 00:01:07.410132,128,2060,46,0.00375,0.0,PRUNED
